The system is: Linux - 5.13.19-2-MANJARO - x86_64
Compiling the CXX compiler identification source file "CMakeCXXCompilerId.cpp" succeeded.
Compiler: /usr/bin/c++ 
Build flags: 
Id flags:  

The output was:
0


Compilation of the CXX compiler identification source "CMakeCXXCompilerId.cpp" produced "a.out"

The CXX compiler identification is GNU, found in "/home/conrad/src/SupraFit/build/CMakeFiles/3.21.3/CompilerIdCXX/a.out"

Detecting CXX compiler ABI info compiled with the following output:
Change Dir: /home/conrad/src/SupraFit/build/CMakeFiles/CMakeTmp

Run Build Command(s):/usr/bin/make -f Makefile cmTC_1229c/fast && /usr/bin/make  -f CMakeFiles/cmTC_1229c.dir/build.make CMakeFiles/cmTC_1229c.dir/build
make[1]: Entering directory '/home/conrad/src/SupraFit/build/CMakeFiles/CMakeTmp'
Building CXX object CMakeFiles/cmTC_1229c.dir/CMakeCXXCompilerABI.cpp.o
/usr/bin/c++   -v -o CMakeFiles/cmTC_1229c.dir/CMakeCXXCompilerABI.cpp.o -c /usr/share/cmake-3.21/Modules/CMakeCXXCompilerABI.cpp
Using built-in specs.
COLLECT_GCC=/usr/bin/c++
Target: x86_64-pc-linux-gnu
Configured with: /build/gcc/src/gcc/configure --prefix=/usr --libdir=/usr/lib --libexecdir=/usr/lib --mandir=/usr/share/man --infodir=/usr/share/info --with-bugurl=https://bugs.archlinux.org/ --enable-languages=c,c++,ada,fortran,go,lto,objc,obj-c++,d --with-isl --with-linker-hash-style=gnu --with-system-zlib --enable-__cxa_atexit --enable-cet=auto --enable-checking=release --enable-clocale=gnu --enable-default-pie --enable-default-ssp --enable-gnu-indirect-function --enable-gnu-unique-object --enable-install-libiberty --enable-linker-build-id --enable-lto --enable-multilib --enable-plugin --enable-shared --enable-threads=posix --disable-libssp --disable-libstdcxx-pch --disable-libunwind-exceptions --disable-werror gdc_include_dir=/usr/include/dlang/gdc
Thread model: posix
Supported LTO compression algorithms: zlib zstd
gcc version 11.1.0 (GCC) 
COLLECT_GCC_OPTIONS='-v' '-o' 'CMakeFiles/cmTC_1229c.dir/CMakeCXXCompilerABI.cpp.o' '-c' '-shared-libgcc' '-mtune=generic' '-march=x86-64' '-dumpdir' 'CMakeFiles/cmTC_1229c.dir/'
 /usr/lib/gcc/x86_64-pc-linux-gnu/11.1.0/cc1plus -quiet -v -D_GNU_SOURCE /usr/share/cmake-3.21/Modules/CMakeCXXCompilerABI.cpp -quiet -dumpdir CMakeFiles/cmTC_1229c.dir/ -dumpbase CMakeCXXCompilerABI.cpp.cpp -dumpbase-ext .cpp -mtune=generic -march=x86-64 -version -o /tmp/ccP9GIE1.s
GNU C++17 (GCC) version 11.1.0 (x86_64-pc-linux-gnu)
	compiled by GNU C version 11.1.0, GMP version 6.2.1, MPFR version 4.1.0, MPC version 1.2.1, isl version isl-0.24-GMP

warning: MPFR header version 4.1.0 differs from library version 4.1.0-p13.
GGC heuristics: --param ggc-min-expand=100 --param ggc-min-heapsize=131072
ignoring nonexistent directory "/usr/lib/gcc/x86_64-pc-linux-gnu/11.1.0/../../../../x86_64-pc-linux-gnu/include"
#include "..." search starts here:
#include <...> search starts here:
 /usr/lib/gcc/x86_64-pc-linux-gnu/11.1.0/../../../../include/c++/11.1.0
 /usr/lib/gcc/x86_64-pc-linux-gnu/11.1.0/../../../../include/c++/11.1.0/x86_64-pc-linux-gnu
 /usr/lib/gcc/x86_64-pc-linux-gnu/11.1.0/../../../../include/c++/11.1.0/backward
 /usr/lib/gcc/x86_64-pc-linux-gnu/11.1.0/include
 /usr/local/include
 /usr/lib/gcc/x86_64-pc-linux-gnu/11.1.0/include-fixed
 /usr/include
End of search list.
GNU C++17 (GCC) version 11.1.0 (x86_64-pc-linux-gnu)
	compiled by GNU C version 11.1.0, GMP version 6.2.1, MPFR version 4.1.0, MPC version 1.2.1, isl version isl-0.24-GMP

warning: MPFR header version 4.1.0 differs from library version 4.1.0-p13.
GGC heuristics: --param ggc-min-expand=100 --param ggc-min-heapsize=131072
Compiler executable checksum: 45eb9a71cc15bfdc579557bea4b77e51
COLLECT_GCC_OPTIONS='-v' '-o' 'CMakeFiles/cmTC_1229c.dir/CMakeCXXCompilerABI.cpp.o' '-c' '-shared-libgcc' '-mtune=generic' '-march=x86-64' '-dumpdir' 'CMakeFiles/cmTC_1229c.dir/'
 as -v --64 -o CMakeFiles/cmTC_1229c.dir/CMakeCXXCompilerABI.cpp.o /tmp/ccP9GIE1.s
GNU assembler version 2.36.1 (x86_64-pc-linux-gnu) using BFD version (GNU Binutils) 2.36.1
COMPILER_PATH=/usr/lib/gcc/x86_64-pc-linux-gnu/11.1.0/:/usr/lib/gcc/x86_64-pc-linux-gnu/11.1.0/:/usr/lib/gcc/x86_64-pc-linux-gnu/:/usr/lib/gcc/x86_64-pc-linux-gnu/11.1.0/:/usr/lib/gcc/x86_64-pc-linux-gnu/
LIBRARY_PATH=/usr/lib/gcc/x86_64-pc-linux-gnu/11.1.0/:/usr/lib/gcc/x86_64-pc-linux-gnu/11.1.0/../../../../lib/:/lib/../lib/:/usr/lib/../lib/:/usr/lib/gcc/x86_64-pc-linux-gnu/11.1.0/../../../:/lib/:/usr/lib/
COLLECT_GCC_OPTIONS='-v' '-o' 'CMakeFiles/cmTC_1229c.dir/CMakeCXXCompilerABI.cpp.o' '-c' '-shared-libgcc' '-mtune=generic' '-march=x86-64' '-dumpdir' 'CMakeFiles/cmTC_1229c.dir/CMakeCXXCompilerABI.cpp.'
Linking CXX executable cmTC_1229c
/usr/bin/cmake -E cmake_link_script CMakeFiles/cmTC_1229c.dir/link.txt --verbose=1
/usr/bin/c++  -v CMakeFiles/cmTC_1229c.dir/CMakeCXXCompilerABI.cpp.o -o cmTC_1229c 
Using built-in specs.
COLLECT_GCC=/usr/bin/c++
COLLECT_LTO_WRAPPER=/usr/lib/gcc/x86_64-pc-linux-gnu/11.1.0/lto-wrapper
Target: x86_64-pc-linux-gnu
Configured with: /build/gcc/src/gcc/configure --prefix=/usr --libdir=/usr/lib --libexecdir=/usr/lib --mandir=/usr/share/man --infodir=/usr/share/info --with-bugurl=https://bugs.archlinux.org/ --enable-languages=c,c++,ada,fortran,go,lto,objc,obj-c++,d --with-isl --with-linker-hash-style=gnu --with-system-zlib --enable-__cxa_atexit --enable-cet=auto --enable-checking=release --enable-clocale=gnu --enable-default-pie --enable-default-ssp --enable-gnu-indirect-function --enable-gnu-unique-object --enable-install-libiberty --enable-linker-build-id --enable-lto --enable-multilib --enable-plugin --enable-shared --enable-threads=posix --disable-libssp --disable-libstdcxx-pch --disable-libunwind-exceptions --disable-werror gdc_include_dir=/usr/include/dlang/gdc
Thread model: posix
Supported LTO compression algorithms: zlib zstd
gcc version 11.1.0 (GCC) 
COMPILER_PATH=/usr/lib/gcc/x86_64-pc-linux-gnu/11.1.0/:/usr/lib/gcc/x86_64-pc-linux-gnu/11.1.0/:/usr/lib/gcc/x86_64-pc-linux-gnu/:/usr/lib/gcc/x86_64-pc-linux-gnu/11.1.0/:/usr/lib/gcc/x86_64-pc-linux-gnu/
LIBRARY_PATH=/usr/lib/gcc/x86_64-pc-linux-gnu/11.1.0/:/usr/lib/gcc/x86_64-pc-linux-gnu/11.1.0/../../../../lib/:/lib/../lib/:/usr/lib/../lib/:/usr/lib/gcc/x86_64-pc-linux-gnu/11.1.0/../../../:/lib/:/usr/lib/
COLLECT_GCC_OPTIONS='-v' '-o' 'cmTC_1229c' '-shared-libgcc' '-mtune=generic' '-march=x86-64' '-dumpdir' 'cmTC_1229c.'
 /usr/lib/gcc/x86_64-pc-linux-gnu/11.1.0/collect2 -plugin /usr/lib/gcc/x86_64-pc-linux-gnu/11.1.0/liblto_plugin.so -plugin-opt=/usr/lib/gcc/x86_64-pc-linux-gnu/11.1.0/lto-wrapper -plugin-opt=-fresolution=/tmp/cckLbKcy.res -plugin-opt=-pass-through=-lgcc_s -plugin-opt=-pass-through=-lgcc -plugin-opt=-pass-through=-lc -plugin-opt=-pass-through=-lgcc_s -plugin-opt=-pass-through=-lgcc --build-id --eh-frame-hdr --hash-style=gnu -m elf_x86_64 -dynamic-linker /lib64/ld-linux-x86-64.so.2 -pie -o cmTC_1229c /usr/lib/gcc/x86_64-pc-linux-gnu/11.1.0/../../../../lib/Scrt1.o /usr/lib/gcc/x86_64-pc-linux-gnu/11.1.0/../../../../lib/crti.o /usr/lib/gcc/x86_64-pc-linux-gnu/11.1.0/crtbeginS.o -L/usr/lib/gcc/x86_64-pc-linux-gnu/11.1.0 -L/usr/lib/gcc/x86_64-pc-linux-gnu/11.1.0/../../../../lib -L/lib/../lib -L/usr/lib/../lib -L/usr/lib/gcc/x86_64-pc-linux-gnu/11.1.0/../../.. CMakeFiles/cmTC_1229c.dir/CMakeCXXCompilerABI.cpp.o -lstdc++ -lm -lgcc_s -lgcc -lc -lgcc_s -lgcc /usr/lib/gcc/x86_64-pc-linux-gnu/11.1.0/crtendS.o /usr/lib/gcc/x86_64-pc-linux-gnu/11.1.0/../../../../lib/crtn.o
COLLECT_GCC_OPTIONS='-v' '-o' 'cmTC_1229c' '-shared-libgcc' '-mtune=generic' '-march=x86-64' '-dumpdir' 'cmTC_1229c.'
make[1]: Leaving directory '/home/conrad/src/SupraFit/build/CMakeFiles/CMakeTmp'



Parsed CXX implicit include dir info from above output: rv=done
  found start of include info
  found start of implicit include info
    add: [/usr/lib/gcc/x86_64-pc-linux-gnu/11.1.0/../../../../include/c++/11.1.0]
    add: [/usr/lib/gcc/x86_64-pc-linux-gnu/11.1.0/../../../../include/c++/11.1.0/x86_64-pc-linux-gnu]
    add: [/usr/lib/gcc/x86_64-pc-linux-gnu/11.1.0/../../../../include/c++/11.1.0/backward]
    add: [/usr/lib/gcc/x86_64-pc-linux-gnu/11.1.0/include]
    add: [/usr/local/include]
    add: [/usr/lib/gcc/x86_64-pc-linux-gnu/11.1.0/include-fixed]
    add: [/usr/include]
  end of search list found
  collapse include dir [/usr/lib/gcc/x86_64-pc-linux-gnu/11.1.0/../../../../include/c++/11.1.0] ==> [/usr/include/c++/11.1.0]
  collapse include dir [/usr/lib/gcc/x86_64-pc-linux-gnu/11.1.0/../../../../include/c++/11.1.0/x86_64-pc-linux-gnu] ==> [/usr/include/c++/11.1.0/x86_64-pc-linux-gnu]
  collapse include dir [/usr/lib/gcc/x86_64-pc-linux-gnu/11.1.0/../../../../include/c++/11.1.0/backward] ==> [/usr/include/c++/11.1.0/backward]
  collapse include dir [/usr/lib/gcc/x86_64-pc-linux-gnu/11.1.0/include] ==> [/usr/lib/gcc/x86_64-pc-linux-gnu/11.1.0/include]
  collapse include dir [/usr/local/include] ==> [/usr/local/include]
  collapse include dir [/usr/lib/gcc/x86_64-pc-linux-gnu/11.1.0/include-fixed] ==> [/usr/lib/gcc/x86_64-pc-linux-gnu/11.1.0/include-fixed]
  collapse include dir [/usr/include] ==> [/usr/include]
  implicit include dirs: [/usr/include/c++/11.1.0;/usr/include/c++/11.1.0/x86_64-pc-linux-gnu;/usr/include/c++/11.1.0/backward;/usr/lib/gcc/x86_64-pc-linux-gnu/11.1.0/include;/usr/local/include;/usr/lib/gcc/x86_64-pc-linux-gnu/11.1.0/include-fixed;/usr/include]


Parsed CXX implicit link information from above output:
  link line regex: [^( *|.*[/\])(ld|CMAKE_LINK_STARTFILE-NOTFOUND|([^/\]+-)?ld|collect2)[^/\]*( |$)]
  ignore line: [Change Dir: /home/conrad/src/SupraFit/build/CMakeFiles/CMakeTmp]
  ignore line: []
  ignore line: [Run Build Command(s):/usr/bin/make -f Makefile cmTC_1229c/fast && /usr/bin/make  -f CMakeFiles/cmTC_1229c.dir/build.make CMakeFiles/cmTC_1229c.dir/build]
  ignore line: [make[1]: Entering directory '/home/conrad/src/SupraFit/build/CMakeFiles/CMakeTmp']
  ignore line: [Building CXX object CMakeFiles/cmTC_1229c.dir/CMakeCXXCompilerABI.cpp.o]
  ignore line: [/usr/bin/c++   -v -o CMakeFiles/cmTC_1229c.dir/CMakeCXXCompilerABI.cpp.o -c /usr/share/cmake-3.21/Modules/CMakeCXXCompilerABI.cpp]
  ignore line: [Using built-in specs.]
  ignore line: [COLLECT_GCC=/usr/bin/c++]
  ignore line: [Target: x86_64-pc-linux-gnu]
  ignore line: [Configured with: /build/gcc/src/gcc/configure --prefix=/usr --libdir=/usr/lib --libexecdir=/usr/lib --mandir=/usr/share/man --infodir=/usr/share/info --with-bugurl=https://bugs.archlinux.org/ --enable-languages=c c++ ada fortran go lto objc obj-c++ d --with-isl --with-linker-hash-style=gnu --with-system-zlib --enable-__cxa_atexit --enable-cet=auto --enable-checking=release --enable-clocale=gnu --enable-default-pie --enable-default-ssp --enable-gnu-indirect-function --enable-gnu-unique-object --enable-install-libiberty --enable-linker-build-id --enable-lto --enable-multilib --enable-plugin --enable-shared --enable-threads=posix --disable-libssp --disable-libstdcxx-pch --disable-libunwind-exceptions --disable-werror gdc_include_dir=/usr/include/dlang/gdc]
  ignore line: [Thread model: posix]
  ignore line: [Supported LTO compression algorithms: zlib zstd]
  ignore line: [gcc version 11.1.0 (GCC) ]
  ignore line: [COLLECT_GCC_OPTIONS='-v' '-o' 'CMakeFiles/cmTC_1229c.dir/CMakeCXXCompilerABI.cpp.o' '-c' '-shared-libgcc' '-mtune=generic' '-march=x86-64' '-dumpdir' 'CMakeFiles/cmTC_1229c.dir/']
  ignore line: [ /usr/lib/gcc/x86_64-pc-linux-gnu/11.1.0/cc1plus -quiet -v -D_GNU_SOURCE /usr/share/cmake-3.21/Modules/CMakeCXXCompilerABI.cpp -quiet -dumpdir CMakeFiles/cmTC_1229c.dir/ -dumpbase CMakeCXXCompilerABI.cpp.cpp -dumpbase-ext .cpp -mtune=generic -march=x86-64 -version -o /tmp/ccP9GIE1.s]
  ignore line: [GNU C++17 (GCC) version 11.1.0 (x86_64-pc-linux-gnu)]
  ignore line: [	compiled by GNU C version 11.1.0  GMP version 6.2.1  MPFR version 4.1.0  MPC version 1.2.1  isl version isl-0.24-GMP]
  ignore line: []
  ignore line: [warning: MPFR header version 4.1.0 differs from library version 4.1.0-p13.]
  ignore line: [GGC heuristics: --param ggc-min-expand=100 --param ggc-min-heapsize=131072]
  ignore line: [ignoring nonexistent directory "/usr/lib/gcc/x86_64-pc-linux-gnu/11.1.0/../../../../x86_64-pc-linux-gnu/include"]
  ignore line: [#include "..." search starts here:]
  ignore line: [#include <...> search starts here:]
  ignore line: [ /usr/lib/gcc/x86_64-pc-linux-gnu/11.1.0/../../../../include/c++/11.1.0]
  ignore line: [ /usr/lib/gcc/x86_64-pc-linux-gnu/11.1.0/../../../../include/c++/11.1.0/x86_64-pc-linux-gnu]
  ignore line: [ /usr/lib/gcc/x86_64-pc-linux-gnu/11.1.0/../../../../include/c++/11.1.0/backward]
  ignore line: [ /usr/lib/gcc/x86_64-pc-linux-gnu/11.1.0/include]
  ignore line: [ /usr/local/include]
  ignore line: [ /usr/lib/gcc/x86_64-pc-linux-gnu/11.1.0/include-fixed]
  ignore line: [ /usr/include]
  ignore line: [End of search list.]
  ignore line: [GNU C++17 (GCC) version 11.1.0 (x86_64-pc-linux-gnu)]
  ignore line: [	compiled by GNU C version 11.1.0  GMP version 6.2.1  MPFR version 4.1.0  MPC version 1.2.1  isl version isl-0.24-GMP]
  ignore line: []
  ignore line: [warning: MPFR header version 4.1.0 differs from library version 4.1.0-p13.]
  ignore line: [GGC heuristics: --param ggc-min-expand=100 --param ggc-min-heapsize=131072]
  ignore line: [Compiler executable checksum: 45eb9a71cc15bfdc579557bea4b77e51]
  ignore line: [COLLECT_GCC_OPTIONS='-v' '-o' 'CMakeFiles/cmTC_1229c.dir/CMakeCXXCompilerABI.cpp.o' '-c' '-shared-libgcc' '-mtune=generic' '-march=x86-64' '-dumpdir' 'CMakeFiles/cmTC_1229c.dir/']
  ignore line: [ as -v --64 -o CMakeFiles/cmTC_1229c.dir/CMakeCXXCompilerABI.cpp.o /tmp/ccP9GIE1.s]
  ignore line: [GNU assembler version 2.36.1 (x86_64-pc-linux-gnu) using BFD version (GNU Binutils) 2.36.1]
  ignore line: [COMPILER_PATH=/usr/lib/gcc/x86_64-pc-linux-gnu/11.1.0/:/usr/lib/gcc/x86_64-pc-linux-gnu/11.1.0/:/usr/lib/gcc/x86_64-pc-linux-gnu/:/usr/lib/gcc/x86_64-pc-linux-gnu/11.1.0/:/usr/lib/gcc/x86_64-pc-linux-gnu/]
  ignore line: [LIBRARY_PATH=/usr/lib/gcc/x86_64-pc-linux-gnu/11.1.0/:/usr/lib/gcc/x86_64-pc-linux-gnu/11.1.0/../../../../lib/:/lib/../lib/:/usr/lib/../lib/:/usr/lib/gcc/x86_64-pc-linux-gnu/11.1.0/../../../:/lib/:/usr/lib/]
  ignore line: [COLLECT_GCC_OPTIONS='-v' '-o' 'CMakeFiles/cmTC_1229c.dir/CMakeCXXCompilerABI.cpp.o' '-c' '-shared-libgcc' '-mtune=generic' '-march=x86-64' '-dumpdir' 'CMakeFiles/cmTC_1229c.dir/CMakeCXXCompilerABI.cpp.']
  ignore line: [Linking CXX executable cmTC_1229c]
  ignore line: [/usr/bin/cmake -E cmake_link_script CMakeFiles/cmTC_1229c.dir/link.txt --verbose=1]
  ignore line: [/usr/bin/c++  -v CMakeFiles/cmTC_1229c.dir/CMakeCXXCompilerABI.cpp.o -o cmTC_1229c ]
  ignore line: [Using built-in specs.]
  ignore line: [COLLECT_GCC=/usr/bin/c++]
  ignore line: [COLLECT_LTO_WRAPPER=/usr/lib/gcc/x86_64-pc-linux-gnu/11.1.0/lto-wrapper]
  ignore line: [Target: x86_64-pc-linux-gnu]
  ignore line: [Configured with: /build/gcc/src/gcc/configure --prefix=/usr --libdir=/usr/lib --libexecdir=/usr/lib --mandir=/usr/share/man --infodir=/usr/share/info --with-bugurl=https://bugs.archlinux.org/ --enable-languages=c c++ ada fortran go lto objc obj-c++ d --with-isl --with-linker-hash-style=gnu --with-system-zlib --enable-__cxa_atexit --enable-cet=auto --enable-checking=release --enable-clocale=gnu --enable-default-pie --enable-default-ssp --enable-gnu-indirect-function --enable-gnu-unique-object --enable-install-libiberty --enable-linker-build-id --enable-lto --enable-multilib --enable-plugin --enable-shared --enable-threads=posix --disable-libssp --disable-libstdcxx-pch --disable-libunwind-exceptions --disable-werror gdc_include_dir=/usr/include/dlang/gdc]
  ignore line: [Thread model: posix]
  ignore line: [Supported LTO compression algorithms: zlib zstd]
  ignore line: [gcc version 11.1.0 (GCC) ]
  ignore line: [COMPILER_PATH=/usr/lib/gcc/x86_64-pc-linux-gnu/11.1.0/:/usr/lib/gcc/x86_64-pc-linux-gnu/11.1.0/:/usr/lib/gcc/x86_64-pc-linux-gnu/:/usr/lib/gcc/x86_64-pc-linux-gnu/11.1.0/:/usr/lib/gcc/x86_64-pc-linux-gnu/]
  ignore line: [LIBRARY_PATH=/usr/lib/gcc/x86_64-pc-linux-gnu/11.1.0/:/usr/lib/gcc/x86_64-pc-linux-gnu/11.1.0/../../../../lib/:/lib/../lib/:/usr/lib/../lib/:/usr/lib/gcc/x86_64-pc-linux-gnu/11.1.0/../../../:/lib/:/usr/lib/]
  ignore line: [COLLECT_GCC_OPTIONS='-v' '-o' 'cmTC_1229c' '-shared-libgcc' '-mtune=generic' '-march=x86-64' '-dumpdir' 'cmTC_1229c.']
  link line: [ /usr/lib/gcc/x86_64-pc-linux-gnu/11.1.0/collect2 -plugin /usr/lib/gcc/x86_64-pc-linux-gnu/11.1.0/liblto_plugin.so -plugin-opt=/usr/lib/gcc/x86_64-pc-linux-gnu/11.1.0/lto-wrapper -plugin-opt=-fresolution=/tmp/cckLbKcy.res -plugin-opt=-pass-through=-lgcc_s -plugin-opt=-pass-through=-lgcc -plugin-opt=-pass-through=-lc -plugin-opt=-pass-through=-lgcc_s -plugin-opt=-pass-through=-lgcc --build-id --eh-frame-hdr --hash-style=gnu -m elf_x86_64 -dynamic-linker /lib64/ld-linux-x86-64.so.2 -pie -o cmTC_1229c /usr/lib/gcc/x86_64-pc-linux-gnu/11.1.0/../../../../lib/Scrt1.o /usr/lib/gcc/x86_64-pc-linux-gnu/11.1.0/../../../../lib/crti.o /usr/lib/gcc/x86_64-pc-linux-gnu/11.1.0/crtbeginS.o -L/usr/lib/gcc/x86_64-pc-linux-gnu/11.1.0 -L/usr/lib/gcc/x86_64-pc-linux-gnu/11.1.0/../../../../lib -L/lib/../lib -L/usr/lib/../lib -L/usr/lib/gcc/x86_64-pc-linux-gnu/11.1.0/../../.. CMakeFiles/cmTC_1229c.dir/CMakeCXXCompilerABI.cpp.o -lstdc++ -lm -lgcc_s -lgcc -lc -lgcc_s -lgcc /usr/lib/gcc/x86_64-pc-linux-gnu/11.1.0/crtendS.o /usr/lib/gcc/x86_64-pc-linux-gnu/11.1.0/../../../../lib/crtn.o]
    arg [/usr/lib/gcc/x86_64-pc-linux-gnu/11.1.0/collect2] ==> ignore
    arg [-plugin] ==> ignore
    arg [/usr/lib/gcc/x86_64-pc-linux-gnu/11.1.0/liblto_plugin.so] ==> ignore
    arg [-plugin-opt=/usr/lib/gcc/x86_64-pc-linux-gnu/11.1.0/lto-wrapper] ==> ignore
    arg [-plugin-opt=-fresolution=/tmp/cckLbKcy.res] ==> ignore
    arg [-plugin-opt=-pass-through=-lgcc_s] ==> ignore
    arg [-plugin-opt=-pass-through=-lgcc] ==> ignore
    arg [-plugin-opt=-pass-through=-lc] ==> ignore
    arg [-plugin-opt=-pass-through=-lgcc_s] ==> ignore
    arg [-plugin-opt=-pass-through=-lgcc] ==> ignore
    arg [--build-id] ==> ignore
    arg [--eh-frame-hdr] ==> ignore
    arg [--hash-style=gnu] ==> ignore
    arg [-m] ==> ignore
    arg [elf_x86_64] ==> ignore
    arg [-dynamic-linker] ==> ignore
    arg [/lib64/ld-linux-x86-64.so.2] ==> ignore
    arg [-pie] ==> ignore
    arg [-o] ==> ignore
    arg [cmTC_1229c] ==> ignore
    arg [/usr/lib/gcc/x86_64-pc-linux-gnu/11.1.0/../../../../lib/Scrt1.o] ==> obj [/usr/lib/gcc/x86_64-pc-linux-gnu/11.1.0/../../../../lib/Scrt1.o]
    arg [/usr/lib/gcc/x86_64-pc-linux-gnu/11.1.0/../../../../lib/crti.o] ==> obj [/usr/lib/gcc/x86_64-pc-linux-gnu/11.1.0/../../../../lib/crti.o]
    arg [/usr/lib/gcc/x86_64-pc-linux-gnu/11.1.0/crtbeginS.o] ==> obj [/usr/lib/gcc/x86_64-pc-linux-gnu/11.1.0/crtbeginS.o]
    arg [-L/usr/lib/gcc/x86_64-pc-linux-gnu/11.1.0] ==> dir [/usr/lib/gcc/x86_64-pc-linux-gnu/11.1.0]
    arg [-L/usr/lib/gcc/x86_64-pc-linux-gnu/11.1.0/../../../../lib] ==> dir [/usr/lib/gcc/x86_64-pc-linux-gnu/11.1.0/../../../../lib]
    arg [-L/lib/../lib] ==> dir [/lib/../lib]
    arg [-L/usr/lib/../lib] ==> dir [/usr/lib/../lib]
    arg [-L/usr/lib/gcc/x86_64-pc-linux-gnu/11.1.0/../../..] ==> dir [/usr/lib/gcc/x86_64-pc-linux-gnu/11.1.0/../../..]
    arg [CMakeFiles/cmTC_1229c.dir/CMakeCXXCompilerABI.cpp.o] ==> ignore
    arg [-lstdc++] ==> lib [stdc++]
    arg [-lm] ==> lib [m]
    arg [-lgcc_s] ==> lib [gcc_s]
    arg [-lgcc] ==> lib [gcc]
    arg [-lc] ==> lib [c]
    arg [-lgcc_s] ==> lib [gcc_s]
    arg [-lgcc] ==> lib [gcc]
    arg [/usr/lib/gcc/x86_64-pc-linux-gnu/11.1.0/crtendS.o] ==> obj [/usr/lib/gcc/x86_64-pc-linux-gnu/11.1.0/crtendS.o]
    arg [/usr/lib/gcc/x86_64-pc-linux-gnu/11.1.0/../../../../lib/crtn.o] ==> obj [/usr/lib/gcc/x86_64-pc-linux-gnu/11.1.0/../../../../lib/crtn.o]
  collapse obj [/usr/lib/gcc/x86_64-pc-linux-gnu/11.1.0/../../../../lib/Scrt1.o] ==> [/usr/lib/Scrt1.o]
  collapse obj [/usr/lib/gcc/x86_64-pc-linux-gnu/11.1.0/../../../../lib/crti.o] ==> [/usr/lib/crti.o]
  collapse obj [/usr/lib/gcc/x86_64-pc-linux-gnu/11.1.0/../../../../lib/crtn.o] ==> [/usr/lib/crtn.o]
  collapse library dir [/usr/lib/gcc/x86_64-pc-linux-gnu/11.1.0] ==> [/usr/lib/gcc/x86_64-pc-linux-gnu/11.1.0]
  collapse library dir [/usr/lib/gcc/x86_64-pc-linux-gnu/11.1.0/../../../../lib] ==> [/usr/lib]
  collapse library dir [/lib/../lib] ==> [/lib]
  collapse library dir [/usr/lib/../lib] ==> [/usr/lib]
  collapse library dir [/usr/lib/gcc/x86_64-pc-linux-gnu/11.1.0/../../..] ==> [/usr/lib]
  implicit libs: [stdc++;m;gcc_s;gcc;c;gcc_s;gcc]
  implicit objs: [/usr/lib/Scrt1.o;/usr/lib/crti.o;/usr/lib/gcc/x86_64-pc-linux-gnu/11.1.0/crtbeginS.o;/usr/lib/gcc/x86_64-pc-linux-gnu/11.1.0/crtendS.o;/usr/lib/crtn.o]
  implicit dirs: [/usr/lib/gcc/x86_64-pc-linux-gnu/11.1.0;/usr/lib;/lib]
  implicit fwks: []


Detecting CXX OpenMP compiler ABI info compiled with the following output:
Change Dir: /home/conrad/src/SupraFit/build/CMakeFiles/CMakeTmp

Run Build Command(s):/usr/bin/make -f Makefile cmTC_5739b/fast && /usr/bin/make  -f CMakeFiles/cmTC_5739b.dir/build.make CMakeFiles/cmTC_5739b.dir/build
make[1]: Verzeichnis „/home/conrad/src/SupraFit/build/CMakeFiles/CMakeTmp“ wird betreten
Building CXX object CMakeFiles/cmTC_5739b.dir/OpenMPTryFlag.cpp.o
/usr/bin/c++   -fopenmp -v -std=gnu++17 -o CMakeFiles/cmTC_5739b.dir/OpenMPTryFlag.cpp.o -c /home/conrad/src/SupraFit/build/CMakeFiles/FindOpenMP/OpenMPTryFlag.cpp
Es werden eingebaute Spezifikationen verwendet.
COLLECT_GCC=/usr/bin/c++
Ziel: x86_64-pc-linux-gnu
Konfiguriert mit: /build/gcc/src/gcc/configure --prefix=/usr --libdir=/usr/lib --libexecdir=/usr/lib --mandir=/usr/share/man --infodir=/usr/share/info --with-bugurl=https://bugs.archlinux.org/ --enable-languages=c,c++,ada,fortran,go,lto,objc,obj-c++,d --with-isl --with-linker-hash-style=gnu --with-system-zlib --enable-__cxa_atexit --enable-cet=auto --enable-checking=release --enable-clocale=gnu --enable-default-pie --enable-default-ssp --enable-gnu-indirect-function --enable-gnu-unique-object --enable-install-libiberty --enable-linker-build-id --enable-lto --enable-multilib --enable-plugin --enable-shared --enable-threads=posix --disable-libssp --disable-libstdcxx-pch --disable-libunwind-exceptions --disable-werror gdc_include_dir=/usr/include/dlang/gdc
Thread-Modell: posix
Unterstützte LTO-Kompressionsalgorithmen: zlib zstd
gcc-Version 11.1.0 (GCC) 
COLLECT_GCC_OPTIONS='-fopenmp' '-v' '-std=gnu++17' '-o' 'CMakeFiles/cmTC_5739b.dir/OpenMPTryFlag.cpp.o' '-c' '-shared-libgcc' '-mtune=generic' '-march=x86-64' '-pthread' '-dumpdir' 'CMakeFiles/cmTC_5739b.dir/'
 /usr/lib/gcc/x86_64-pc-linux-gnu/11.1.0/cc1plus -quiet -v -D_GNU_SOURCE -D_REENTRANT /home/conrad/src/SupraFit/build/CMakeFiles/FindOpenMP/OpenMPTryFlag.cpp -quiet -dumpdir CMakeFiles/cmTC_5739b.dir/ -dumpbase OpenMPTryFlag.cpp.cpp -dumpbase-ext .cpp -mtune=generic -march=x86-64 -std=gnu++17 -version -fopenmp -o /tmp/ccY4r1Rr.s
GNU C++17 (GCC) Version 11.1.0 (x86_64-pc-linux-gnu)
	kompiliert von GNU-C-Version 11.1.0, GMP Version 6.2.1, MPFR Version 4.1.0, MPC Version 1.2.1. isl Versiom isl-0.24-GMP

Warnung: MPFR-Header-Version 4.1.0 unterscheidet sich von Bibliotheksversion 4.1.0-p13.
GGC-Heuristik: --param ggc-min-expand=100 --param ggc-min-heapsize=131072
nicht vorhandenes Verzeichnis »/usr/lib/gcc/x86_64-pc-linux-gnu/11.1.0/../../../../x86_64-pc-linux-gnu/include« wird ignoriert
Suche für »#include "..."« beginnt hier:
Suche für »#include <...>« beginnt hier:
 /usr/lib/gcc/x86_64-pc-linux-gnu/11.1.0/../../../../include/c++/11.1.0
 /usr/lib/gcc/x86_64-pc-linux-gnu/11.1.0/../../../../include/c++/11.1.0/x86_64-pc-linux-gnu
 /usr/lib/gcc/x86_64-pc-linux-gnu/11.1.0/../../../../include/c++/11.1.0/backward
 /usr/lib/gcc/x86_64-pc-linux-gnu/11.1.0/include
 /usr/local/include
 /usr/lib/gcc/x86_64-pc-linux-gnu/11.1.0/include-fixed
 /usr/include
Ende der Suchliste.
GNU C++17 (GCC) Version 11.1.0 (x86_64-pc-linux-gnu)
	kompiliert von GNU-C-Version 11.1.0, GMP Version 6.2.1, MPFR Version 4.1.0, MPC Version 1.2.1. isl Versiom isl-0.24-GMP

Warnung: MPFR-Header-Version 4.1.0 unterscheidet sich von Bibliotheksversion 4.1.0-p13.
GGC-Heuristik: --param ggc-min-expand=100 --param ggc-min-heapsize=131072
Compiler executable checksum: 45eb9a71cc15bfdc579557bea4b77e51
COLLECT_GCC_OPTIONS='-fopenmp' '-v' '-std=gnu++17' '-o' 'CMakeFiles/cmTC_5739b.dir/OpenMPTryFlag.cpp.o' '-c' '-shared-libgcc' '-mtune=generic' '-march=x86-64' '-pthread' '-dumpdir' 'CMakeFiles/cmTC_5739b.dir/'
 as -v --64 -o CMakeFiles/cmTC_5739b.dir/OpenMPTryFlag.cpp.o /tmp/ccY4r1Rr.s
GNU assembler version 2.36.1 (x86_64-pc-linux-gnu) using BFD version (GNU Binutils) 2.36.1
COMPILER_PATH=/usr/lib/gcc/x86_64-pc-linux-gnu/11.1.0/:/usr/lib/gcc/x86_64-pc-linux-gnu/11.1.0/:/usr/lib/gcc/x86_64-pc-linux-gnu/:/usr/lib/gcc/x86_64-pc-linux-gnu/11.1.0/:/usr/lib/gcc/x86_64-pc-linux-gnu/
LIBRARY_PATH=/usr/lib/gcc/x86_64-pc-linux-gnu/11.1.0/:/usr/lib/gcc/x86_64-pc-linux-gnu/11.1.0/../../../../lib/:/lib/../lib/:/usr/lib/../lib/:/usr/lib/gcc/x86_64-pc-linux-gnu/11.1.0/../../../:/lib/:/usr/lib/
COLLECT_GCC_OPTIONS='-fopenmp' '-v' '-std=gnu++17' '-o' 'CMakeFiles/cmTC_5739b.dir/OpenMPTryFlag.cpp.o' '-c' '-shared-libgcc' '-mtune=generic' '-march=x86-64' '-pthread' '-dumpdir' 'CMakeFiles/cmTC_5739b.dir/OpenMPTryFlag.cpp.'
Linking CXX executable cmTC_5739b
/usr/bin/cmake -E cmake_link_script CMakeFiles/cmTC_5739b.dir/link.txt --verbose=1
/usr/bin/c++  -fopenmp -v CMakeFiles/cmTC_5739b.dir/OpenMPTryFlag.cpp.o -o cmTC_5739b  -v 
Es werden eingebaute Spezifikationen verwendet.
COLLECT_GCC=/usr/bin/c++
COLLECT_LTO_WRAPPER=/usr/lib/gcc/x86_64-pc-linux-gnu/11.1.0/lto-wrapper
Ziel: x86_64-pc-linux-gnu
Konfiguriert mit: /build/gcc/src/gcc/configure --prefix=/usr --libdir=/usr/lib --libexecdir=/usr/lib --mandir=/usr/share/man --infodir=/usr/share/info --with-bugurl=https://bugs.archlinux.org/ --enable-languages=c,c++,ada,fortran,go,lto,objc,obj-c++,d --with-isl --with-linker-hash-style=gnu --with-system-zlib --enable-__cxa_atexit --enable-cet=auto --enable-checking=release --enable-clocale=gnu --enable-default-pie --enable-default-ssp --enable-gnu-indirect-function --enable-gnu-unique-object --enable-install-libiberty --enable-linker-build-id --enable-lto --enable-multilib --enable-plugin --enable-shared --enable-threads=posix --disable-libssp --disable-libstdcxx-pch --disable-libunwind-exceptions --disable-werror gdc_include_dir=/usr/include/dlang/gdc
Thread-Modell: posix
Unterstützte LTO-Kompressionsalgorithmen: zlib zstd
gcc-Version 11.1.0 (GCC) 
COMPILER_PATH=/usr/lib/gcc/x86_64-pc-linux-gnu/11.1.0/:/usr/lib/gcc/x86_64-pc-linux-gnu/11.1.0/:/usr/lib/gcc/x86_64-pc-linux-gnu/:/usr/lib/gcc/x86_64-pc-linux-gnu/11.1.0/:/usr/lib/gcc/x86_64-pc-linux-gnu/
LIBRARY_PATH=/usr/lib/gcc/x86_64-pc-linux-gnu/11.1.0/:/usr/lib/gcc/x86_64-pc-linux-gnu/11.1.0/../../../../lib/:/lib/../lib/:/usr/lib/../lib/:/usr/lib/gcc/x86_64-pc-linux-gnu/11.1.0/../../../:/lib/:/usr/lib/
Lesen der Spezifikationen von /usr/lib/gcc/x86_64-pc-linux-gnu/11.1.0/../../../../lib/libgomp.spec
COLLECT_GCC_OPTIONS='-fopenmp' '-v' '-o' 'cmTC_5739b' '-v' '-shared-libgcc' '-mtune=generic' '-march=x86-64' '-pthread' '-dumpdir' 'cmTC_5739b.'
 /usr/lib/gcc/x86_64-pc-linux-gnu/11.1.0/collect2 -plugin /usr/lib/gcc/x86_64-pc-linux-gnu/11.1.0/liblto_plugin.so -plugin-opt=/usr/lib/gcc/x86_64-pc-linux-gnu/11.1.0/lto-wrapper -plugin-opt=-fresolution=/tmp/ccf8EwC8.res -plugin-opt=-pass-through=-lgcc_s -plugin-opt=-pass-through=-lgcc -plugin-opt=-pass-through=-lpthread -plugin-opt=-pass-through=-lc -plugin-opt=-pass-through=-lgcc_s -plugin-opt=-pass-through=-lgcc --build-id --eh-frame-hdr --hash-style=gnu -m elf_x86_64 -dynamic-linker /lib64/ld-linux-x86-64.so.2 -pie -o cmTC_5739b /usr/lib/gcc/x86_64-pc-linux-gnu/11.1.0/../../../../lib/Scrt1.o /usr/lib/gcc/x86_64-pc-linux-gnu/11.1.0/../../../../lib/crti.o /usr/lib/gcc/x86_64-pc-linux-gnu/11.1.0/crtbeginS.o -L/usr/lib/gcc/x86_64-pc-linux-gnu/11.1.0 -L/usr/lib/gcc/x86_64-pc-linux-gnu/11.1.0/../../../../lib -L/lib/../lib -L/usr/lib/../lib -L/usr/lib/gcc/x86_64-pc-linux-gnu/11.1.0/../../.. CMakeFiles/cmTC_5739b.dir/OpenMPTryFlag.cpp.o -lstdc++ -lm -lgomp -lgcc_s -lgcc -lpthread -lc -lgcc_s -lgcc /usr/lib/gcc/x86_64-pc-linux-gnu/11.1.0/crtendS.o /usr/lib/gcc/x86_64-pc-linux-gnu/11.1.0/../../../../lib/crtn.o
COLLECT_GCC_OPTIONS='-fopenmp' '-v' '-o' 'cmTC_5739b' '-v' '-shared-libgcc' '-mtune=generic' '-march=x86-64' '-pthread' '-dumpdir' 'cmTC_5739b.'
make[1]: Verzeichnis „/home/conrad/src/SupraFit/build/CMakeFiles/CMakeTmp“ wird verlassen



Parsed CXX OpenMP implicit link information from above output:
  link line regex: [^( *|.*[/\])(ld|CMAKE_LINK_STARTFILE-NOTFOUND|([^/\]+-)?ld|collect2)[^/\]*( |$)]
  ignore line: [Change Dir: /home/conrad/src/SupraFit/build/CMakeFiles/CMakeTmp]
  ignore line: []
  ignore line: [Run Build Command(s):/usr/bin/make -f Makefile cmTC_5739b/fast && /usr/bin/make  -f CMakeFiles/cmTC_5739b.dir/build.make CMakeFiles/cmTC_5739b.dir/build]
  ignore line: [make[1]: Verzeichnis „/home/conrad/src/SupraFit/build/CMakeFiles/CMakeTmp“ wird betreten]
  ignore line: [Building CXX object CMakeFiles/cmTC_5739b.dir/OpenMPTryFlag.cpp.o]
  ignore line: [/usr/bin/c++   -fopenmp -v -std=gnu++17 -o CMakeFiles/cmTC_5739b.dir/OpenMPTryFlag.cpp.o -c /home/conrad/src/SupraFit/build/CMakeFiles/FindOpenMP/OpenMPTryFlag.cpp]
  ignore line: [Es werden eingebaute Spezifikationen verwendet.]
  ignore line: [COLLECT_GCC=/usr/bin/c++]
  ignore line: [Ziel: x86_64-pc-linux-gnu]
  ignore line: [Konfiguriert mit: /build/gcc/src/gcc/configure --prefix=/usr --libdir=/usr/lib --libexecdir=/usr/lib --mandir=/usr/share/man --infodir=/usr/share/info --with-bugurl=https://bugs.archlinux.org/ --enable-languages=c c++ ada fortran go lto objc obj-c++ d --with-isl --with-linker-hash-style=gnu --with-system-zlib --enable-__cxa_atexit --enable-cet=auto --enable-checking=release --enable-clocale=gnu --enable-default-pie --enable-default-ssp --enable-gnu-indirect-function --enable-gnu-unique-object --enable-install-libiberty --enable-linker-build-id --enable-lto --enable-multilib --enable-plugin --enable-shared --enable-threads=posix --disable-libssp --disable-libstdcxx-pch --disable-libunwind-exceptions --disable-werror gdc_include_dir=/usr/include/dlang/gdc]
  ignore line: [Thread-Modell: posix]
  ignore line: [Unterstützte LTO-Kompressionsalgorithmen: zlib zstd]
  ignore line: [gcc-Version 11.1.0 (GCC) ]
  ignore line: [COLLECT_GCC_OPTIONS='-fopenmp' '-v' '-std=gnu++17' '-o' 'CMakeFiles/cmTC_5739b.dir/OpenMPTryFlag.cpp.o' '-c' '-shared-libgcc' '-mtune=generic' '-march=x86-64' '-pthread' '-dumpdir' 'CMakeFiles/cmTC_5739b.dir/']
  ignore line: [ /usr/lib/gcc/x86_64-pc-linux-gnu/11.1.0/cc1plus -quiet -v -D_GNU_SOURCE -D_REENTRANT /home/conrad/src/SupraFit/build/CMakeFiles/FindOpenMP/OpenMPTryFlag.cpp -quiet -dumpdir CMakeFiles/cmTC_5739b.dir/ -dumpbase OpenMPTryFlag.cpp.cpp -dumpbase-ext .cpp -mtune=generic -march=x86-64 -std=gnu++17 -version -fopenmp -o /tmp/ccY4r1Rr.s]
  ignore line: [GNU C++17 (GCC) Version 11.1.0 (x86_64-pc-linux-gnu)]
  ignore line: [	kompiliert von GNU-C-Version 11.1.0  GMP Version 6.2.1  MPFR Version 4.1.0  MPC Version 1.2.1. isl Versiom isl-0.24-GMP]
  ignore line: []
  ignore line: [Warnung: MPFR-Header-Version 4.1.0 unterscheidet sich von Bibliotheksversion 4.1.0-p13.]
  ignore line: [GGC-Heuristik: --param ggc-min-expand=100 --param ggc-min-heapsize=131072]
  ignore line: [nicht vorhandenes Verzeichnis »/usr/lib/gcc/x86_64-pc-linux-gnu/11.1.0/../../../../x86_64-pc-linux-gnu/include« wird ignoriert]
  ignore line: [Suche für »#include "..."« beginnt hier:]
  ignore line: [Suche für »#include <...>« beginnt hier:]
  ignore line: [ /usr/lib/gcc/x86_64-pc-linux-gnu/11.1.0/../../../../include/c++/11.1.0]
  ignore line: [ /usr/lib/gcc/x86_64-pc-linux-gnu/11.1.0/../../../../include/c++/11.1.0/x86_64-pc-linux-gnu]
  ignore line: [ /usr/lib/gcc/x86_64-pc-linux-gnu/11.1.0/../../../../include/c++/11.1.0/backward]
  ignore line: [ /usr/lib/gcc/x86_64-pc-linux-gnu/11.1.0/include]
  ignore line: [ /usr/local/include]
  ignore line: [ /usr/lib/gcc/x86_64-pc-linux-gnu/11.1.0/include-fixed]
  ignore line: [ /usr/include]
  ignore line: [Ende der Suchliste.]
  ignore line: [GNU C++17 (GCC) Version 11.1.0 (x86_64-pc-linux-gnu)]
  ignore line: [	kompiliert von GNU-C-Version 11.1.0  GMP Version 6.2.1  MPFR Version 4.1.0  MPC Version 1.2.1. isl Versiom isl-0.24-GMP]
  ignore line: []
  ignore line: [Warnung: MPFR-Header-Version 4.1.0 unterscheidet sich von Bibliotheksversion 4.1.0-p13.]
  ignore line: [GGC-Heuristik: --param ggc-min-expand=100 --param ggc-min-heapsize=131072]
  ignore line: [Compiler executable checksum: 45eb9a71cc15bfdc579557bea4b77e51]
  ignore line: [COLLECT_GCC_OPTIONS='-fopenmp' '-v' '-std=gnu++17' '-o' 'CMakeFiles/cmTC_5739b.dir/OpenMPTryFlag.cpp.o' '-c' '-shared-libgcc' '-mtune=generic' '-march=x86-64' '-pthread' '-dumpdir' 'CMakeFiles/cmTC_5739b.dir/']
  ignore line: [ as -v --64 -o CMakeFiles/cmTC_5739b.dir/OpenMPTryFlag.cpp.o /tmp/ccY4r1Rr.s]
  ignore line: [GNU assembler version 2.36.1 (x86_64-pc-linux-gnu) using BFD version (GNU Binutils) 2.36.1]
  ignore line: [COMPILER_PATH=/usr/lib/gcc/x86_64-pc-linux-gnu/11.1.0/:/usr/lib/gcc/x86_64-pc-linux-gnu/11.1.0/:/usr/lib/gcc/x86_64-pc-linux-gnu/:/usr/lib/gcc/x86_64-pc-linux-gnu/11.1.0/:/usr/lib/gcc/x86_64-pc-linux-gnu/]
  ignore line: [LIBRARY_PATH=/usr/lib/gcc/x86_64-pc-linux-gnu/11.1.0/:/usr/lib/gcc/x86_64-pc-linux-gnu/11.1.0/../../../../lib/:/lib/../lib/:/usr/lib/../lib/:/usr/lib/gcc/x86_64-pc-linux-gnu/11.1.0/../../../:/lib/:/usr/lib/]
  ignore line: [COLLECT_GCC_OPTIONS='-fopenmp' '-v' '-std=gnu++17' '-o' 'CMakeFiles/cmTC_5739b.dir/OpenMPTryFlag.cpp.o' '-c' '-shared-libgcc' '-mtune=generic' '-march=x86-64' '-pthread' '-dumpdir' 'CMakeFiles/cmTC_5739b.dir/OpenMPTryFlag.cpp.']
  ignore line: [Linking CXX executable cmTC_5739b]
  ignore line: [/usr/bin/cmake -E cmake_link_script CMakeFiles/cmTC_5739b.dir/link.txt --verbose=1]
  ignore line: [/usr/bin/c++  -fopenmp -v CMakeFiles/cmTC_5739b.dir/OpenMPTryFlag.cpp.o -o cmTC_5739b  -v ]
  ignore line: [Es werden eingebaute Spezifikationen verwendet.]
  ignore line: [COLLECT_GCC=/usr/bin/c++]
  ignore line: [COLLECT_LTO_WRAPPER=/usr/lib/gcc/x86_64-pc-linux-gnu/11.1.0/lto-wrapper]
  ignore line: [Ziel: x86_64-pc-linux-gnu]
  ignore line: [Konfiguriert mit: /build/gcc/src/gcc/configure --prefix=/usr --libdir=/usr/lib --libexecdir=/usr/lib --mandir=/usr/share/man --infodir=/usr/share/info --with-bugurl=https://bugs.archlinux.org/ --enable-languages=c c++ ada fortran go lto objc obj-c++ d --with-isl --with-linker-hash-style=gnu --with-system-zlib --enable-__cxa_atexit --enable-cet=auto --enable-checking=release --enable-clocale=gnu --enable-default-pie --enable-default-ssp --enable-gnu-indirect-function --enable-gnu-unique-object --enable-install-libiberty --enable-linker-build-id --enable-lto --enable-multilib --enable-plugin --enable-shared --enable-threads=posix --disable-libssp --disable-libstdcxx-pch --disable-libunwind-exceptions --disable-werror gdc_include_dir=/usr/include/dlang/gdc]
  ignore line: [Thread-Modell: posix]
  ignore line: [Unterstützte LTO-Kompressionsalgorithmen: zlib zstd]
  ignore line: [gcc-Version 11.1.0 (GCC) ]
  ignore line: [COMPILER_PATH=/usr/lib/gcc/x86_64-pc-linux-gnu/11.1.0/:/usr/lib/gcc/x86_64-pc-linux-gnu/11.1.0/:/usr/lib/gcc/x86_64-pc-linux-gnu/:/usr/lib/gcc/x86_64-pc-linux-gnu/11.1.0/:/usr/lib/gcc/x86_64-pc-linux-gnu/]
  ignore line: [LIBRARY_PATH=/usr/lib/gcc/x86_64-pc-linux-gnu/11.1.0/:/usr/lib/gcc/x86_64-pc-linux-gnu/11.1.0/../../../../lib/:/lib/../lib/:/usr/lib/../lib/:/usr/lib/gcc/x86_64-pc-linux-gnu/11.1.0/../../../:/lib/:/usr/lib/]
  ignore line: [Lesen der Spezifikationen von /usr/lib/gcc/x86_64-pc-linux-gnu/11.1.0/../../../../lib/libgomp.spec]
  ignore line: [COLLECT_GCC_OPTIONS='-fopenmp' '-v' '-o' 'cmTC_5739b' '-v' '-shared-libgcc' '-mtune=generic' '-march=x86-64' '-pthread' '-dumpdir' 'cmTC_5739b.']
  link line: [ /usr/lib/gcc/x86_64-pc-linux-gnu/11.1.0/collect2 -plugin /usr/lib/gcc/x86_64-pc-linux-gnu/11.1.0/liblto_plugin.so -plugin-opt=/usr/lib/gcc/x86_64-pc-linux-gnu/11.1.0/lto-wrapper -plugin-opt=-fresolution=/tmp/ccf8EwC8.res -plugin-opt=-pass-through=-lgcc_s -plugin-opt=-pass-through=-lgcc -plugin-opt=-pass-through=-lpthread -plugin-opt=-pass-through=-lc -plugin-opt=-pass-through=-lgcc_s -plugin-opt=-pass-through=-lgcc --build-id --eh-frame-hdr --hash-style=gnu -m elf_x86_64 -dynamic-linker /lib64/ld-linux-x86-64.so.2 -pie -o cmTC_5739b /usr/lib/gcc/x86_64-pc-linux-gnu/11.1.0/../../../../lib/Scrt1.o /usr/lib/gcc/x86_64-pc-linux-gnu/11.1.0/../../../../lib/crti.o /usr/lib/gcc/x86_64-pc-linux-gnu/11.1.0/crtbeginS.o -L/usr/lib/gcc/x86_64-pc-linux-gnu/11.1.0 -L/usr/lib/gcc/x86_64-pc-linux-gnu/11.1.0/../../../../lib -L/lib/../lib -L/usr/lib/../lib -L/usr/lib/gcc/x86_64-pc-linux-gnu/11.1.0/../../.. CMakeFiles/cmTC_5739b.dir/OpenMPTryFlag.cpp.o -lstdc++ -lm -lgomp -lgcc_s -lgcc -lpthread -lc -lgcc_s -lgcc /usr/lib/gcc/x86_64-pc-linux-gnu/11.1.0/crtendS.o /usr/lib/gcc/x86_64-pc-linux-gnu/11.1.0/../../../../lib/crtn.o]
    arg [/usr/lib/gcc/x86_64-pc-linux-gnu/11.1.0/collect2] ==> ignore
    arg [-plugin] ==> ignore
    arg [/usr/lib/gcc/x86_64-pc-linux-gnu/11.1.0/liblto_plugin.so] ==> ignore
    arg [-plugin-opt=/usr/lib/gcc/x86_64-pc-linux-gnu/11.1.0/lto-wrapper] ==> ignore
    arg [-plugin-opt=-fresolution=/tmp/ccf8EwC8.res] ==> ignore
    arg [-plugin-opt=-pass-through=-lgcc_s] ==> ignore
    arg [-plugin-opt=-pass-through=-lgcc] ==> ignore
    arg [-plugin-opt=-pass-through=-lpthread] ==> ignore
    arg [-plugin-opt=-pass-through=-lc] ==> ignore
    arg [-plugin-opt=-pass-through=-lgcc_s] ==> ignore
    arg [-plugin-opt=-pass-through=-lgcc] ==> ignore
    arg [--build-id] ==> ignore
    arg [--eh-frame-hdr] ==> ignore
    arg [--hash-style=gnu] ==> ignore
    arg [-m] ==> ignore
    arg [elf_x86_64] ==> ignore
    arg [-dynamic-linker] ==> ignore
    arg [/lib64/ld-linux-x86-64.so.2] ==> ignore
    arg [-pie] ==> ignore
    arg [-o] ==> ignore
    arg [cmTC_5739b] ==> ignore
    arg [-L/usr/lib/gcc/x86_64-pc-linux-gnu/11.1.0] ==> dir [/usr/lib/gcc/x86_64-pc-linux-gnu/11.1.0]
    arg [-L/usr/lib/gcc/x86_64-pc-linux-gnu/11.1.0/../../../../lib] ==> dir [/usr/lib/gcc/x86_64-pc-linux-gnu/11.1.0/../../../../lib]
    arg [-L/lib/../lib] ==> dir [/lib/../lib]
    arg [-L/usr/lib/../lib] ==> dir [/usr/lib/../lib]
    arg [-L/usr/lib/gcc/x86_64-pc-linux-gnu/11.1.0/../../..] ==> dir [/usr/lib/gcc/x86_64-pc-linux-gnu/11.1.0/../../..]
    arg [CMakeFiles/cmTC_5739b.dir/OpenMPTryFlag.cpp.o] ==> ignore
    arg [-lstdc++] ==> lib [stdc++]
    arg [-lm] ==> lib [m]
    arg [-lgomp] ==> lib [gomp]
    arg [-lgcc_s] ==> lib [gcc_s]
    arg [-lgcc] ==> lib [gcc]
    arg [-lpthread] ==> lib [pthread]
    arg [-lc] ==> lib [c]
    arg [-lgcc_s] ==> lib [gcc_s]
    arg [-lgcc] ==> lib [gcc]
  collapse library dir [/usr/lib/gcc/x86_64-pc-linux-gnu/11.1.0] ==> [/usr/lib/gcc/x86_64-pc-linux-gnu/11.1.0]
  collapse library dir [/usr/lib/gcc/x86_64-pc-linux-gnu/11.1.0/../../../../lib] ==> [/usr/lib]
  collapse library dir [/lib/../lib] ==> [/lib]
  collapse library dir [/usr/lib/../lib] ==> [/usr/lib]
  collapse library dir [/usr/lib/gcc/x86_64-pc-linux-gnu/11.1.0/../../..] ==> [/usr/lib]
  implicit libs: [stdc++;m;gomp;gcc_s;gcc;pthread;c;gcc_s;gcc]
  implicit objs: []
  implicit dirs: [/usr/lib/gcc/x86_64-pc-linux-gnu/11.1.0;/usr/lib;/lib]
  implicit fwks: []


Determining if the include file pthread.h exists passed with the following output:
Change Dir: /home/conrad/src/SupraFit/build/CMakeFiles/CMakeTmp

Run Build Command(s):/usr/bin/make -f Makefile cmTC_0f396/fast && /usr/bin/make  -f CMakeFiles/cmTC_0f396.dir/build.make CMakeFiles/cmTC_0f396.dir/build
make[1]: Verzeichnis „/home/conrad/src/SupraFit/build/CMakeFiles/CMakeTmp“ wird betreten
Building CXX object CMakeFiles/cmTC_0f396.dir/CheckIncludeFile.cxx.o
/usr/bin/c++   -fopenmp -Wall -Wno-reorder -pedantic                                            -Wextra -Wcast-align -Wcast-qual  -Wchar-subscripts                                             -Wcomment -Wdisabled-optimization                                            -Wformat  -Wformat=2 -Wformat-nonliteral -Wformat-security                                           -Wformat-y2k  -Wimport  -Winit-self  -Winline -Winvalid-pch                                           -Wunsafe-loop-optimizations  -Wmissing-braces                                           -Wmissing-field-initializers -Wmissing-format-attribute                                             -Wmissing-include-dirs -Wmissing-noreturn -Wpacked  -Wparentheses                                           -Wpointer-arith -Wredundant-decls -Wsequence-point                                           -Wsign-compare  -Wstack-protector -Wstrict-aliasing                                           -Wstrict-aliasing=2 -Wswitch -Wsuggest-override                                           -Wtrigraphs  -Wuninitialized -Wunknown-pragmas  -Wunreachable-code                                           -Wunused -Wunused-function  -Wunused-label  -Wunused-parameter                                           -Wunused-value  -Wunused-variable  -Wvariadic-macros                                           -Wvolatile-register-var  -Wwrite-strings -Wdeprecated-declarations                                           -Wno-error=unused-local-typedefs -Wno-error=enum-compare -Wno-narrowing -Werror=return-type  -std=gnu++17 -o CMakeFiles/cmTC_0f396.dir/CheckIncludeFile.cxx.o -c /home/conrad/src/SupraFit/build/CMakeFiles/CMakeTmp/CheckIncludeFile.cxx
Linking CXX executable cmTC_0f396
/usr/bin/cmake -E cmake_link_script CMakeFiles/cmTC_0f396.dir/link.txt --verbose=1
/usr/bin/c++  -fopenmp -Wall -Wno-reorder -pedantic                                            -Wextra -Wcast-align -Wcast-qual  -Wchar-subscripts                                             -Wcomment -Wdisabled-optimization                                            -Wformat  -Wformat=2 -Wformat-nonliteral -Wformat-security                                           -Wformat-y2k  -Wimport  -Winit-self  -Winline -Winvalid-pch                                           -Wunsafe-loop-optimizations  -Wmissing-braces                                           -Wmissing-field-initializers -Wmissing-format-attribute                                             -Wmissing-include-dirs -Wmissing-noreturn -Wpacked  -Wparentheses                                           -Wpointer-arith -Wredundant-decls -Wsequence-point                                           -Wsign-compare  -Wstack-protector -Wstrict-aliasing                                           -Wstrict-aliasing=2 -Wswitch -Wsuggest-override                                           -Wtrigraphs  -Wuninitialized -Wunknown-pragmas  -Wunreachable-code                                           -Wunused -Wunused-function  -Wunused-label  -Wunused-parameter                                           -Wunused-value  -Wunused-variable  -Wvariadic-macros                                           -Wvolatile-register-var  -Wwrite-strings -Wdeprecated-declarations                                           -Wno-error=unused-local-typedefs -Wno-error=enum-compare -Wno-narrowing -Werror=return-type  CMakeFiles/cmTC_0f396.dir/CheckIncludeFile.cxx.o -o cmTC_0f396 
make[1]: Verzeichnis „/home/conrad/src/SupraFit/build/CMakeFiles/CMakeTmp“ wird verlassen



Performing C++ SOURCE FILE Test CMAKE_HAVE_LIBC_PTHREAD succeeded with the following output:
Change Dir: /home/conrad/src/SupraFit/build/CMakeFiles/CMakeTmp

Run Build Command(s):/usr/bin/make -f Makefile cmTC_abbb0/fast && /usr/bin/make  -f CMakeFiles/cmTC_abbb0.dir/build.make CMakeFiles/cmTC_abbb0.dir/build
make[1]: Verzeichnis „/home/conrad/src/SupraFit/build/CMakeFiles/CMakeTmp“ wird betreten
Building CXX object CMakeFiles/cmTC_abbb0.dir/src.cxx.o
/usr/bin/c++ -DCMAKE_HAVE_LIBC_PTHREAD  -fopenmp -Wall -Wno-reorder -pedantic                                            -Wextra -Wcast-align -Wcast-qual  -Wchar-subscripts                                             -Wcomment -Wdisabled-optimization                                            -Wformat  -Wformat=2 -Wformat-nonliteral -Wformat-security                                           -Wformat-y2k  -Wimport  -Winit-self  -Winline -Winvalid-pch                                           -Wunsafe-loop-optimizations  -Wmissing-braces                                           -Wmissing-field-initializers -Wmissing-format-attribute                                             -Wmissing-include-dirs -Wmissing-noreturn -Wpacked  -Wparentheses                                           -Wpointer-arith -Wredundant-decls -Wsequence-point                                           -Wsign-compare  -Wstack-protector -Wstrict-aliasing                                           -Wstrict-aliasing=2 -Wswitch -Wsuggest-override                                           -Wtrigraphs  -Wuninitialized -Wunknown-pragmas  -Wunreachable-code                                           -Wunused -Wunused-function  -Wunused-label  -Wunused-parameter                                           -Wunused-value  -Wunused-variable  -Wvariadic-macros                                           -Wvolatile-register-var  -Wwrite-strings -Wdeprecated-declarations                                           -Wno-error=unused-local-typedefs -Wno-error=enum-compare -Wno-narrowing -Werror=return-type  -std=gnu++17 -o CMakeFiles/cmTC_abbb0.dir/src.cxx.o -c /home/conrad/src/SupraFit/build/CMakeFiles/CMakeTmp/src.cxx
Linking CXX executable cmTC_abbb0
/usr/bin/cmake -E cmake_link_script CMakeFiles/cmTC_abbb0.dir/link.txt --verbose=1
/usr/bin/c++  -fopenmp -Wall -Wno-reorder -pedantic                                            -Wextra -Wcast-align -Wcast-qual  -Wchar-subscripts                                             -Wcomment -Wdisabled-optimization                                            -Wformat  -Wformat=2 -Wformat-nonliteral -Wformat-security                                           -Wformat-y2k  -Wimport  -Winit-self  -Winline -Winvalid-pch                                           -Wunsafe-loop-optimizations  -Wmissing-braces                                           -Wmissing-field-initializers -Wmissing-format-attribute                                             -Wmissing-include-dirs -Wmissing-noreturn -Wpacked  -Wparentheses                                           -Wpointer-arith -Wredundant-decls -Wsequence-point                                           -Wsign-compare  -Wstack-protector -Wstrict-aliasing                                           -Wstrict-aliasing=2 -Wswitch -Wsuggest-override                                           -Wtrigraphs  -Wuninitialized -Wunknown-pragmas  -Wunreachable-code                                           -Wunused -Wunused-function  -Wunused-label  -Wunused-parameter                                           -Wunused-value  -Wunused-variable  -Wvariadic-macros                                           -Wvolatile-register-var  -Wwrite-strings -Wdeprecated-declarations                                           -Wno-error=unused-local-typedefs -Wno-error=enum-compare -Wno-narrowing -Werror=return-type  CMakeFiles/cmTC_abbb0.dir/src.cxx.o -o cmTC_abbb0 
make[1]: Verzeichnis „/home/conrad/src/SupraFit/build/CMakeFiles/CMakeTmp“ wird verlassen


Source file was:
#include <pthread.h>

static void* test_func(void* data)
{
  return data;
}

int main(void)
{
  pthread_t thread;
  pthread_create(&thread, NULL, test_func, NULL);
  pthread_detach(thread);
  pthread_cancel(thread);
  pthread_join(thread, NULL);
  pthread_atfork(NULL, NULL, NULL);
  pthread_exit(NULL);

  return 0;
}

Performing C++ SOURCE FILE Test HAVE_STDATOMIC succeeded with the following output:
Change Dir: /home/conrad/src/SupraFit/build/CMakeFiles/CMakeTmp

Run Build Command(s):/usr/bin/make -f Makefile cmTC_96bed/fast && /usr/bin/make  -f CMakeFiles/cmTC_96bed.dir/build.make CMakeFiles/cmTC_96bed.dir/build
make[1]: Verzeichnis „/home/conrad/src/SupraFit/build/CMakeFiles/CMakeTmp“ wird betreten
Building CXX object CMakeFiles/cmTC_96bed.dir/src.cxx.o
/usr/bin/c++ -DHAVE_STDATOMIC  -fopenmp -Wall -Wno-reorder -pedantic                                            -Wextra -Wcast-align -Wcast-qual  -Wchar-subscripts                                             -Wcomment -Wdisabled-optimization                                            -Wformat  -Wformat=2 -Wformat-nonliteral -Wformat-security                                           -Wformat-y2k  -Wimport  -Winit-self  -Winline -Winvalid-pch                                           -Wunsafe-loop-optimizations  -Wmissing-braces                                           -Wmissing-field-initializers -Wmissing-format-attribute                                             -Wmissing-include-dirs -Wmissing-noreturn -Wpacked  -Wparentheses                                           -Wpointer-arith -Wredundant-decls -Wsequence-point                                           -Wsign-compare  -Wstack-protector -Wstrict-aliasing                                           -Wstrict-aliasing=2 -Wswitch -Wsuggest-override                                           -Wtrigraphs  -Wuninitialized -Wunknown-pragmas  -Wunreachable-code                                           -Wunused -Wunused-function  -Wunused-label  -Wunused-parameter                                           -Wunused-value  -Wunused-variable  -Wvariadic-macros                                           -Wvolatile-register-var  -Wwrite-strings -Wdeprecated-declarations                                           -Wno-error=unused-local-typedefs -Wno-error=enum-compare -Wno-narrowing -Werror=return-type  -std=gnu++17 -o CMakeFiles/cmTC_96bed.dir/src.cxx.o -c /home/conrad/src/SupraFit/build/CMakeFiles/CMakeTmp/src.cxx
Linking CXX executable cmTC_96bed
/usr/bin/cmake -E cmake_link_script CMakeFiles/cmTC_96bed.dir/link.txt --verbose=1
/usr/bin/c++  -fopenmp -Wall -Wno-reorder -pedantic                                            -Wextra -Wcast-align -Wcast-qual  -Wchar-subscripts                                             -Wcomment -Wdisabled-optimization                                            -Wformat  -Wformat=2 -Wformat-nonliteral -Wformat-security                                           -Wformat-y2k  -Wimport  -Winit-self  -Winline -Winvalid-pch                                           -Wunsafe-loop-optimizations  -Wmissing-braces                                           -Wmissing-field-initializers -Wmissing-format-attribute                                             -Wmissing-include-dirs -Wmissing-noreturn -Wpacked  -Wparentheses                                           -Wpointer-arith -Wredundant-decls -Wsequence-point                                           -Wsign-compare  -Wstack-protector -Wstrict-aliasing                                           -Wstrict-aliasing=2 -Wswitch -Wsuggest-override                                           -Wtrigraphs  -Wuninitialized -Wunknown-pragmas  -Wunreachable-code                                           -Wunused -Wunused-function  -Wunused-label  -Wunused-parameter                                           -Wunused-value  -Wunused-variable  -Wvariadic-macros                                           -Wvolatile-register-var  -Wwrite-strings -Wdeprecated-declarations                                           -Wno-error=unused-local-typedefs -Wno-error=enum-compare -Wno-narrowing -Werror=return-type  CMakeFiles/cmTC_96bed.dir/src.cxx.o -o cmTC_96bed 
make[1]: Verzeichnis „/home/conrad/src/SupraFit/build/CMakeFiles/CMakeTmp“ wird verlassen


Source file was:
#include <atomic>
#include <cstdint>

void test(volatile std::atomic<std::int64_t> &a)
{
    std::int64_t v = a.load(std::memory_order_acquire);
    while (!a.compare_exchange_strong(v, v + 1,
                                      std::memory_order_acq_rel,
                                      std::memory_order_acquire)) {
        v = a.exchange(v - 1);
    }
    a.store(v + 1, std::memory_order_release);
}

int main(int, char **)
{
    void *ptr = (void*)0xffffffc0; // any random pointer
    test(*reinterpret_cast<std::atomic<std::int64_t> *>(ptr));
    return 0;
}
Performing C++ SOURCE FILE Test has_std_17_flag succeeded with the following output:
Change Dir: /home/conrad/src/SupraFit/build/CMakeFiles/CMakeTmp

Run Build Command(s):/usr/bin/make -f Makefile cmTC_84047/fast && /usr/bin/make  -f CMakeFiles/cmTC_84047.dir/build.make CMakeFiles/cmTC_84047.dir/build
make[1]: Entering directory '/home/conrad/src/SupraFit/build/CMakeFiles/CMakeTmp'
Building CXX object CMakeFiles/cmTC_84047.dir/src.cxx.o
/usr/bin/c++ -Dhas_std_17_flag  -fopenmp -Wall -Wno-reorder -pedantic                                            -Wextra -Wcast-align -Wcast-qual  -Wchar-subscripts                                             -Wcomment -Wdisabled-optimization                                            -Wformat  -Wformat=2 -Wformat-nonliteral -Wformat-security                                           -Wformat-y2k  -Wimport  -Winit-self  -Winline -Winvalid-pch                                           -Wunsafe-loop-optimizations  -Wmissing-braces                                           -Wmissing-field-initializers -Wmissing-format-attribute                                             -Wmissing-include-dirs -Wmissing-noreturn -Wpacked  -Wparentheses                                           -Wpointer-arith -Wredundant-decls -Wsequence-point                                           -Wsign-compare  -Wstack-protector -Wstrict-aliasing                                           -Wstrict-aliasing=2 -Wswitch -Wsuggest-override                                           -Wtrigraphs  -Wuninitialized -Wunknown-pragmas  -Wunreachable-code                                           -Wunused -Wunused-function  -Wunused-label  -Wunused-parameter                                           -Wunused-value  -Wunused-variable  -Wvariadic-macros                                           -Wvolatile-register-var  -Wwrite-strings -Wdeprecated-declarations                                           -Wno-error=unused-local-typedefs -Wno-error=enum-compare -Wno-narrowing -Werror=return-type    -std=c++17 -std=gnu++17 -o CMakeFiles/cmTC_84047.dir/src.cxx.o -c /home/conrad/src/SupraFit/build/CMakeFiles/CMakeTmp/src.cxx
Linking CXX executable cmTC_84047
/usr/bin/cmake -E cmake_link_script CMakeFiles/cmTC_84047.dir/link.txt --verbose=1
/usr/bin/c++  -fopenmp -Wall -Wno-reorder -pedantic                                            -Wextra -Wcast-align -Wcast-qual  -Wchar-subscripts                                             -Wcomment -Wdisabled-optimization                                            -Wformat  -Wformat=2 -Wformat-nonliteral -Wformat-security                                           -Wformat-y2k  -Wimport  -Winit-self  -Winline -Winvalid-pch                                           -Wunsafe-loop-optimizations  -Wmissing-braces                                           -Wmissing-field-initializers -Wmissing-format-attribute                                             -Wmissing-include-dirs -Wmissing-noreturn -Wpacked  -Wparentheses                                           -Wpointer-arith -Wredundant-decls -Wsequence-point                                           -Wsign-compare  -Wstack-protector -Wstrict-aliasing                                           -Wstrict-aliasing=2 -Wswitch -Wsuggest-override                                           -Wtrigraphs  -Wuninitialized -Wunknown-pragmas  -Wunreachable-code                                           -Wunused -Wunused-function  -Wunused-label  -Wunused-parameter                                           -Wunused-value  -Wunused-variable  -Wvariadic-macros                                           -Wvolatile-register-var  -Wwrite-strings -Wdeprecated-declarations                                           -Wno-error=unused-local-typedefs -Wno-error=enum-compare -Wno-narrowing -Werror=return-type  CMakeFiles/cmTC_84047.dir/src.cxx.o -o cmTC_84047 
make[1]: Leaving directory '/home/conrad/src/SupraFit/build/CMakeFiles/CMakeTmp'


Source file was:
int main() { return 0; }
Performing C++ SOURCE FILE Test has_std_1z_flag succeeded with the following output:
Change Dir: /home/conrad/src/SupraFit/build/CMakeFiles/CMakeTmp

Run Build Command(s):/usr/bin/make -f Makefile cmTC_1fc7d/fast && /usr/bin/make  -f CMakeFiles/cmTC_1fc7d.dir/build.make CMakeFiles/cmTC_1fc7d.dir/build
make[1]: Entering directory '/home/conrad/src/SupraFit/build/CMakeFiles/CMakeTmp'
Building CXX object CMakeFiles/cmTC_1fc7d.dir/src.cxx.o
/usr/bin/c++ -Dhas_std_1z_flag  -fopenmp -Wall -Wno-reorder -pedantic                                            -Wextra -Wcast-align -Wcast-qual  -Wchar-subscripts                                             -Wcomment -Wdisabled-optimization                                            -Wformat  -Wformat=2 -Wformat-nonliteral -Wformat-security                                           -Wformat-y2k  -Wimport  -Winit-self  -Winline -Winvalid-pch                                           -Wunsafe-loop-optimizations  -Wmissing-braces                                           -Wmissing-field-initializers -Wmissing-format-attribute                                             -Wmissing-include-dirs -Wmissing-noreturn -Wpacked  -Wparentheses                                           -Wpointer-arith -Wredundant-decls -Wsequence-point                                           -Wsign-compare  -Wstack-protector -Wstrict-aliasing                                           -Wstrict-aliasing=2 -Wswitch -Wsuggest-override                                           -Wtrigraphs  -Wuninitialized -Wunknown-pragmas  -Wunreachable-code                                           -Wunused -Wunused-function  -Wunused-label  -Wunused-parameter                                           -Wunused-value  -Wunused-variable  -Wvariadic-macros                                           -Wvolatile-register-var  -Wwrite-strings -Wdeprecated-declarations                                           -Wno-error=unused-local-typedefs -Wno-error=enum-compare -Wno-narrowing -Werror=return-type    -std=c++1z -std=gnu++17 -o CMakeFiles/cmTC_1fc7d.dir/src.cxx.o -c /home/conrad/src/SupraFit/build/CMakeFiles/CMakeTmp/src.cxx
Linking CXX executable cmTC_1fc7d
/usr/bin/cmake -E cmake_link_script CMakeFiles/cmTC_1fc7d.dir/link.txt --verbose=1
/usr/bin/c++  -fopenmp -Wall -Wno-reorder -pedantic                                            -Wextra -Wcast-align -Wcast-qual  -Wchar-subscripts                                             -Wcomment -Wdisabled-optimization                                            -Wformat  -Wformat=2 -Wformat-nonliteral -Wformat-security                                           -Wformat-y2k  -Wimport  -Winit-self  -Winline -Winvalid-pch                                           -Wunsafe-loop-optimizations  -Wmissing-braces                                           -Wmissing-field-initializers -Wmissing-format-attribute                                             -Wmissing-include-dirs -Wmissing-noreturn -Wpacked  -Wparentheses                                           -Wpointer-arith -Wredundant-decls -Wsequence-point                                           -Wsign-compare  -Wstack-protector -Wstrict-aliasing                                           -Wstrict-aliasing=2 -Wswitch -Wsuggest-override                                           -Wtrigraphs  -Wuninitialized -Wunknown-pragmas  -Wunreachable-code                                           -Wunused -Wunused-function  -Wunused-label  -Wunused-parameter                                           -Wunused-value  -Wunused-variable  -Wvariadic-macros                                           -Wvolatile-register-var  -Wwrite-strings -Wdeprecated-declarations                                           -Wno-error=unused-local-typedefs -Wno-error=enum-compare -Wno-narrowing -Werror=return-type  CMakeFiles/cmTC_1fc7d.dir/src.cxx.o -o cmTC_1fc7d 
make[1]: Leaving directory '/home/conrad/src/SupraFit/build/CMakeFiles/CMakeTmp'


Source file was:
int main() { return 0; }
Performing C++ SOURCE FILE Test SUPPORTS_USER_DEFINED_LITERALS succeeded with the following output:
Change Dir: /home/conrad/src/SupraFit/build/CMakeFiles/CMakeTmp

Run Build Command(s):/usr/bin/make -f Makefile cmTC_279af/fast && /usr/bin/make  -f CMakeFiles/cmTC_279af.dir/build.make CMakeFiles/cmTC_279af.dir/build
make[1]: Verzeichnis „/home/conrad/src/SupraFit/build/CMakeFiles/CMakeTmp“ wird betreten
Building CXX object CMakeFiles/cmTC_279af.dir/src.cxx.o
/usr/bin/c++ -DSUPPORTS_USER_DEFINED_LITERALS  -fopenmp -Wall -Wno-reorder -pedantic                                            -Wextra -Wcast-align -Wcast-qual  -Wchar-subscripts                                             -Wcomment -Wdisabled-optimization                                            -Wformat  -Wformat=2 -Wformat-nonliteral -Wformat-security                                           -Wformat-y2k  -Wimport  -Winit-self  -Winline -Winvalid-pch                                           -Wunsafe-loop-optimizations  -Wmissing-braces                                           -Wmissing-field-initializers -Wmissing-format-attribute                                             -Wmissing-include-dirs -Wmissing-noreturn -Wpacked  -Wparentheses                                           -Wpointer-arith -Wredundant-decls -Wsequence-point                                           -Wsign-compare  -Wstack-protector -Wstrict-aliasing                                           -Wstrict-aliasing=2 -Wswitch -Wsuggest-override                                           -Wtrigraphs  -Wuninitialized -Wunknown-pragmas  -Wunreachable-code                                           -Wunused -Wunused-function  -Wunused-label  -Wunused-parameter                                           -Wunused-value  -Wunused-variable  -Wvariadic-macros                                           -Wvolatile-register-var  -Wwrite-strings -Wdeprecated-declarations                                           -Wno-error=unused-local-typedefs -Wno-error=enum-compare -Wno-narrowing -Werror=return-type -std=c++17 -std=gnu++17 -o CMakeFiles/cmTC_279af.dir/src.cxx.o -c /home/conrad/src/SupraFit/build/CMakeFiles/CMakeTmp/src.cxx
Linking CXX executable cmTC_279af
/usr/bin/cmake -E cmake_link_script CMakeFiles/cmTC_279af.dir/link.txt --verbose=1
/usr/bin/c++  -fopenmp -Wall -Wno-reorder -pedantic                                            -Wextra -Wcast-align -Wcast-qual  -Wchar-subscripts                                             -Wcomment -Wdisabled-optimization                                            -Wformat  -Wformat=2 -Wformat-nonliteral -Wformat-security                                           -Wformat-y2k  -Wimport  -Winit-self  -Winline -Winvalid-pch                                           -Wunsafe-loop-optimizations  -Wmissing-braces                                           -Wmissing-field-initializers -Wmissing-format-attribute                                             -Wmissing-include-dirs -Wmissing-noreturn -Wpacked  -Wparentheses                                           -Wpointer-arith -Wredundant-decls -Wsequence-point                                           -Wsign-compare  -Wstack-protector -Wstrict-aliasing                                           -Wstrict-aliasing=2 -Wswitch -Wsuggest-override                                           -Wtrigraphs  -Wuninitialized -Wunknown-pragmas  -Wunreachable-code                                           -Wunused -Wunused-function  -Wunused-label  -Wunused-parameter                                           -Wunused-value  -Wunused-variable  -Wvariadic-macros                                           -Wvolatile-register-var  -Wwrite-strings -Wdeprecated-declarations                                           -Wno-error=unused-local-typedefs -Wno-error=enum-compare -Wno-narrowing -Werror=return-type -std=c++17 CMakeFiles/cmTC_279af.dir/src.cxx.o -o cmTC_279af 
make[1]: Verzeichnis „/home/conrad/src/SupraFit/build/CMakeFiles/CMakeTmp“ wird verlassen


Source file was:

  void operator"" _udl(long double);
  int main() {}
Performing C++ SOURCE FILE Test FMT_HAS_VARIANT succeeded with the following output:
Change Dir: /home/conrad/src/SupraFit/build/CMakeFiles/CMakeTmp

Run Build Command(s):/usr/bin/make -f Makefile cmTC_f8af2/fast && /usr/bin/make  -f CMakeFiles/cmTC_f8af2.dir/build.make CMakeFiles/cmTC_f8af2.dir/build
make[1]: Verzeichnis „/home/conrad/src/SupraFit/build/CMakeFiles/CMakeTmp“ wird betreten
Building CXX object CMakeFiles/cmTC_f8af2.dir/src.cxx.o
/usr/bin/c++ -DFMT_HAS_VARIANT  -fopenmp -Wall -Wno-reorder -pedantic                                            -Wextra -Wcast-align -Wcast-qual  -Wchar-subscripts                                             -Wcomment -Wdisabled-optimization                                            -Wformat  -Wformat=2 -Wformat-nonliteral -Wformat-security                                           -Wformat-y2k  -Wimport  -Winit-self  -Winline -Winvalid-pch                                           -Wunsafe-loop-optimizations  -Wmissing-braces                                           -Wmissing-field-initializers -Wmissing-format-attribute                                             -Wmissing-include-dirs -Wmissing-noreturn -Wpacked  -Wparentheses                                           -Wpointer-arith -Wredundant-decls -Wsequence-point                                           -Wsign-compare  -Wstack-protector -Wstrict-aliasing                                           -Wstrict-aliasing=2 -Wswitch -Wsuggest-override                                           -Wtrigraphs  -Wuninitialized -Wunknown-pragmas  -Wunreachable-code                                           -Wunused -Wunused-function  -Wunused-label  -Wunused-parameter                                           -Wunused-value  -Wunused-variable  -Wvariadic-macros                                           -Wvolatile-register-var  -Wwrite-strings -Wdeprecated-declarations                                           -Wno-error=unused-local-typedefs -Wno-error=enum-compare -Wno-narrowing -Werror=return-type -std=c++1z -std=gnu++17 -o CMakeFiles/cmTC_f8af2.dir/src.cxx.o -c /home/conrad/src/SupraFit/build/CMakeFiles/CMakeTmp/src.cxx
Linking CXX executable cmTC_f8af2
/usr/bin/cmake -E cmake_link_script CMakeFiles/cmTC_f8af2.dir/link.txt --verbose=1
/usr/bin/c++  -fopenmp -Wall -Wno-reorder -pedantic                                            -Wextra -Wcast-align -Wcast-qual  -Wchar-subscripts                                             -Wcomment -Wdisabled-optimization                                            -Wformat  -Wformat=2 -Wformat-nonliteral -Wformat-security                                           -Wformat-y2k  -Wimport  -Winit-self  -Winline -Winvalid-pch                                           -Wunsafe-loop-optimizations  -Wmissing-braces                                           -Wmissing-field-initializers -Wmissing-format-attribute                                             -Wmissing-include-dirs -Wmissing-noreturn -Wpacked  -Wparentheses                                           -Wpointer-arith -Wredundant-decls -Wsequence-point                                           -Wsign-compare  -Wstack-protector -Wstrict-aliasing                                           -Wstrict-aliasing=2 -Wswitch -Wsuggest-override                                           -Wtrigraphs  -Wuninitialized -Wunknown-pragmas  -Wunreachable-code                                           -Wunused -Wunused-function  -Wunused-label  -Wunused-parameter                                           -Wunused-value  -Wunused-variable  -Wvariadic-macros                                           -Wvolatile-register-var  -Wwrite-strings -Wdeprecated-declarations                                           -Wno-error=unused-local-typedefs -Wno-error=enum-compare -Wno-narrowing -Werror=return-type -std=c++1z CMakeFiles/cmTC_f8af2.dir/src.cxx.o -o cmTC_f8af2 
make[1]: Verzeichnis „/home/conrad/src/SupraFit/build/CMakeFiles/CMakeTmp“ wird verlassen


Source file was:

  #include <variant>
  int main() {}
Determining if the strtod_l exist passed with the following output:
Change Dir: /home/conrad/src/SupraFit/build/CMakeFiles/CMakeTmp

Run Build Command(s):/usr/bin/make -f Makefile cmTC_286b0/fast && /usr/bin/make  -f CMakeFiles/cmTC_286b0.dir/build.make CMakeFiles/cmTC_286b0.dir/build
make[1]: Verzeichnis „/home/conrad/src/SupraFit/build/CMakeFiles/CMakeTmp“ wird betreten
Building CXX object CMakeFiles/cmTC_286b0.dir/CheckSymbolExists.cxx.o
/usr/bin/c++   -fopenmp -Wall -Wno-reorder -pedantic                                            -Wextra -Wcast-align -Wcast-qual  -Wchar-subscripts                                             -Wcomment -Wdisabled-optimization                                            -Wformat  -Wformat=2 -Wformat-nonliteral -Wformat-security                                           -Wformat-y2k  -Wimport  -Winit-self  -Winline -Winvalid-pch                                           -Wunsafe-loop-optimizations  -Wmissing-braces                                           -Wmissing-field-initializers -Wmissing-format-attribute                                             -Wmissing-include-dirs -Wmissing-noreturn -Wpacked  -Wparentheses                                           -Wpointer-arith -Wredundant-decls -Wsequence-point                                           -Wsign-compare  -Wstack-protector -Wstrict-aliasing                                           -Wstrict-aliasing=2 -Wswitch -Wsuggest-override                                           -Wtrigraphs  -Wuninitialized -Wunknown-pragmas  -Wunreachable-code                                           -Wunused -Wunused-function  -Wunused-label  -Wunused-parameter                                           -Wunused-value  -Wunused-variable  -Wvariadic-macros                                           -Wvolatile-register-var  -Wwrite-strings -Wdeprecated-declarations                                           -Wno-error=unused-local-typedefs -Wno-error=enum-compare -Wno-narrowing -Werror=return-type  -std=gnu++17 -o CMakeFiles/cmTC_286b0.dir/CheckSymbolExists.cxx.o -c /home/conrad/src/SupraFit/build/CMakeFiles/CMakeTmp/CheckSymbolExists.cxx
Linking CXX executable cmTC_286b0
/usr/bin/cmake -E cmake_link_script CMakeFiles/cmTC_286b0.dir/link.txt --verbose=1
/usr/bin/c++  -fopenmp -Wall -Wno-reorder -pedantic                                            -Wextra -Wcast-align -Wcast-qual  -Wchar-subscripts                                             -Wcomment -Wdisabled-optimization                                            -Wformat  -Wformat=2 -Wformat-nonliteral -Wformat-security                                           -Wformat-y2k  -Wimport  -Winit-self  -Winline -Winvalid-pch                                           -Wunsafe-loop-optimizations  -Wmissing-braces                                           -Wmissing-field-initializers -Wmissing-format-attribute                                             -Wmissing-include-dirs -Wmissing-noreturn -Wpacked  -Wparentheses                                           -Wpointer-arith -Wredundant-decls -Wsequence-point                                           -Wsign-compare  -Wstack-protector -Wstrict-aliasing                                           -Wstrict-aliasing=2 -Wswitch -Wsuggest-override                                           -Wtrigraphs  -Wuninitialized -Wunknown-pragmas  -Wunreachable-code                                           -Wunused -Wunused-function  -Wunused-label  -Wunused-parameter                                           -Wunused-value  -Wunused-variable  -Wvariadic-macros                                           -Wvolatile-register-var  -Wwrite-strings -Wdeprecated-declarations                                           -Wno-error=unused-local-typedefs -Wno-error=enum-compare -Wno-narrowing -Werror=return-type  CMakeFiles/cmTC_286b0.dir/CheckSymbolExists.cxx.o -o cmTC_286b0 
make[1]: Verzeichnis „/home/conrad/src/SupraFit/build/CMakeFiles/CMakeTmp“ wird verlassen


File /home/conrad/src/SupraFit/build/CMakeFiles/CMakeTmp/CheckSymbolExists.cxx:
/* */
#include <stdlib.h>

int main(int argc, char** argv)
{
  (void)argv;
#ifndef strtod_l
  return ((int*)(&strtod_l))[argc];
#else
  (void)argc;
  return 0;
#endif
}
Compiling the C compiler identification source file "CMakeCCompilerId.c" succeeded.
Compiler: /usr/bin/cc 
Build flags: ;
Id flags:  

The output was:
0


Compilation of the C compiler identification source "CMakeCCompilerId.c" produced "a.out"

The C compiler identification is GNU, found in "/home/conrad/src/SupraFit/build/CMakeFiles/3.21.3/CompilerIdC/a.out"

Detecting C compiler ABI info compiled with the following output:
Change Dir: /home/conrad/src/SupraFit/build/CMakeFiles/CMakeTmp

Run Build Command(s):/usr/bin/make -f Makefile cmTC_873a6/fast && /usr/bin/make  -f CMakeFiles/cmTC_873a6.dir/build.make CMakeFiles/cmTC_873a6.dir/build
make[1]: Entering directory '/home/conrad/src/SupraFit/build/CMakeFiles/CMakeTmp'
Building C object CMakeFiles/cmTC_873a6.dir/CMakeCCompilerABI.c.o
/usr/bin/cc   -v -o CMakeFiles/cmTC_873a6.dir/CMakeCCompilerABI.c.o -c /usr/share/cmake-3.21/Modules/CMakeCCompilerABI.c
Using built-in specs.
COLLECT_GCC=/usr/bin/cc
Target: x86_64-pc-linux-gnu
Configured with: /build/gcc/src/gcc/configure --prefix=/usr --libdir=/usr/lib --libexecdir=/usr/lib --mandir=/usr/share/man --infodir=/usr/share/info --with-bugurl=https://bugs.archlinux.org/ --enable-languages=c,c++,ada,fortran,go,lto,objc,obj-c++,d --with-isl --with-linker-hash-style=gnu --with-system-zlib --enable-__cxa_atexit --enable-cet=auto --enable-checking=release --enable-clocale=gnu --enable-default-pie --enable-default-ssp --enable-gnu-indirect-function --enable-gnu-unique-object --enable-install-libiberty --enable-linker-build-id --enable-lto --enable-multilib --enable-plugin --enable-shared --enable-threads=posix --disable-libssp --disable-libstdcxx-pch --disable-libunwind-exceptions --disable-werror gdc_include_dir=/usr/include/dlang/gdc
Thread model: posix
Supported LTO compression algorithms: zlib zstd
gcc version 11.1.0 (GCC) 
COLLECT_GCC_OPTIONS='-v' '-o' 'CMakeFiles/cmTC_873a6.dir/CMakeCCompilerABI.c.o' '-c' '-mtune=generic' '-march=x86-64' '-dumpdir' 'CMakeFiles/cmTC_873a6.dir/'
 /usr/lib/gcc/x86_64-pc-linux-gnu/11.1.0/cc1 -quiet -v /usr/share/cmake-3.21/Modules/CMakeCCompilerABI.c -quiet -dumpdir CMakeFiles/cmTC_873a6.dir/ -dumpbase CMakeCCompilerABI.c.c -dumpbase-ext .c -mtune=generic -march=x86-64 -version -o /tmp/ccEtLORK.s
GNU C17 (GCC) version 11.1.0 (x86_64-pc-linux-gnu)
	compiled by GNU C version 11.1.0, GMP version 6.2.1, MPFR version 4.1.0, MPC version 1.2.1, isl version isl-0.24-GMP

warning: MPFR header version 4.1.0 differs from library version 4.1.0-p13.
GGC heuristics: --param ggc-min-expand=100 --param ggc-min-heapsize=131072
ignoring nonexistent directory "/usr/lib/gcc/x86_64-pc-linux-gnu/11.1.0/../../../../x86_64-pc-linux-gnu/include"
#include "..." search starts here:
#include <...> search starts here:
 /usr/lib/gcc/x86_64-pc-linux-gnu/11.1.0/include
 /usr/local/include
 /usr/lib/gcc/x86_64-pc-linux-gnu/11.1.0/include-fixed
 /usr/include
End of search list.
GNU C17 (GCC) version 11.1.0 (x86_64-pc-linux-gnu)
	compiled by GNU C version 11.1.0, GMP version 6.2.1, MPFR version 4.1.0, MPC version 1.2.1, isl version isl-0.24-GMP

warning: MPFR header version 4.1.0 differs from library version 4.1.0-p13.
GGC heuristics: --param ggc-min-expand=100 --param ggc-min-heapsize=131072
Compiler executable checksum: 3d0ac5c030c008e73f10e8b66957dbfa
COLLECT_GCC_OPTIONS='-v' '-o' 'CMakeFiles/cmTC_873a6.dir/CMakeCCompilerABI.c.o' '-c' '-mtune=generic' '-march=x86-64' '-dumpdir' 'CMakeFiles/cmTC_873a6.dir/'
 as -v --64 -o CMakeFiles/cmTC_873a6.dir/CMakeCCompilerABI.c.o /tmp/ccEtLORK.s
GNU assembler version 2.36.1 (x86_64-pc-linux-gnu) using BFD version (GNU Binutils) 2.36.1
COMPILER_PATH=/usr/lib/gcc/x86_64-pc-linux-gnu/11.1.0/:/usr/lib/gcc/x86_64-pc-linux-gnu/11.1.0/:/usr/lib/gcc/x86_64-pc-linux-gnu/:/usr/lib/gcc/x86_64-pc-linux-gnu/11.1.0/:/usr/lib/gcc/x86_64-pc-linux-gnu/
LIBRARY_PATH=/usr/lib/gcc/x86_64-pc-linux-gnu/11.1.0/:/usr/lib/gcc/x86_64-pc-linux-gnu/11.1.0/../../../../lib/:/lib/../lib/:/usr/lib/../lib/:/usr/lib/gcc/x86_64-pc-linux-gnu/11.1.0/../../../:/lib/:/usr/lib/
COLLECT_GCC_OPTIONS='-v' '-o' 'CMakeFiles/cmTC_873a6.dir/CMakeCCompilerABI.c.o' '-c' '-mtune=generic' '-march=x86-64' '-dumpdir' 'CMakeFiles/cmTC_873a6.dir/CMakeCCompilerABI.c.'
Linking C executable cmTC_873a6
/usr/bin/cmake -E cmake_link_script CMakeFiles/cmTC_873a6.dir/link.txt --verbose=1
/usr/bin/cc  -v CMakeFiles/cmTC_873a6.dir/CMakeCCompilerABI.c.o -o cmTC_873a6 
Using built-in specs.
COLLECT_GCC=/usr/bin/cc
COLLECT_LTO_WRAPPER=/usr/lib/gcc/x86_64-pc-linux-gnu/11.1.0/lto-wrapper
Target: x86_64-pc-linux-gnu
Configured with: /build/gcc/src/gcc/configure --prefix=/usr --libdir=/usr/lib --libexecdir=/usr/lib --mandir=/usr/share/man --infodir=/usr/share/info --with-bugurl=https://bugs.archlinux.org/ --enable-languages=c,c++,ada,fortran,go,lto,objc,obj-c++,d --with-isl --with-linker-hash-style=gnu --with-system-zlib --enable-__cxa_atexit --enable-cet=auto --enable-checking=release --enable-clocale=gnu --enable-default-pie --enable-default-ssp --enable-gnu-indirect-function --enable-gnu-unique-object --enable-install-libiberty --enable-linker-build-id --enable-lto --enable-multilib --enable-plugin --enable-shared --enable-threads=posix --disable-libssp --disable-libstdcxx-pch --disable-libunwind-exceptions --disable-werror gdc_include_dir=/usr/include/dlang/gdc
Thread model: posix
Supported LTO compression algorithms: zlib zstd
gcc version 11.1.0 (GCC) 
COMPILER_PATH=/usr/lib/gcc/x86_64-pc-linux-gnu/11.1.0/:/usr/lib/gcc/x86_64-pc-linux-gnu/11.1.0/:/usr/lib/gcc/x86_64-pc-linux-gnu/:/usr/lib/gcc/x86_64-pc-linux-gnu/11.1.0/:/usr/lib/gcc/x86_64-pc-linux-gnu/
LIBRARY_PATH=/usr/lib/gcc/x86_64-pc-linux-gnu/11.1.0/:/usr/lib/gcc/x86_64-pc-linux-gnu/11.1.0/../../../../lib/:/lib/../lib/:/usr/lib/../lib/:/usr/lib/gcc/x86_64-pc-linux-gnu/11.1.0/../../../:/lib/:/usr/lib/
COLLECT_GCC_OPTIONS='-v' '-o' 'cmTC_873a6' '-mtune=generic' '-march=x86-64' '-dumpdir' 'cmTC_873a6.'
 /usr/lib/gcc/x86_64-pc-linux-gnu/11.1.0/collect2 -plugin /usr/lib/gcc/x86_64-pc-linux-gnu/11.1.0/liblto_plugin.so -plugin-opt=/usr/lib/gcc/x86_64-pc-linux-gnu/11.1.0/lto-wrapper -plugin-opt=-fresolution=/tmp/ccHvCFDk.res -plugin-opt=-pass-through=-lgcc -plugin-opt=-pass-through=-lgcc_s -plugin-opt=-pass-through=-lc -plugin-opt=-pass-through=-lgcc -plugin-opt=-pass-through=-lgcc_s --build-id --eh-frame-hdr --hash-style=gnu -m elf_x86_64 -dynamic-linker /lib64/ld-linux-x86-64.so.2 -pie -o cmTC_873a6 /usr/lib/gcc/x86_64-pc-linux-gnu/11.1.0/../../../../lib/Scrt1.o /usr/lib/gcc/x86_64-pc-linux-gnu/11.1.0/../../../../lib/crti.o /usr/lib/gcc/x86_64-pc-linux-gnu/11.1.0/crtbeginS.o -L/usr/lib/gcc/x86_64-pc-linux-gnu/11.1.0 -L/usr/lib/gcc/x86_64-pc-linux-gnu/11.1.0/../../../../lib -L/lib/../lib -L/usr/lib/../lib -L/usr/lib/gcc/x86_64-pc-linux-gnu/11.1.0/../../.. CMakeFiles/cmTC_873a6.dir/CMakeCCompilerABI.c.o -lgcc --push-state --as-needed -lgcc_s --pop-state -lc -lgcc --push-state --as-needed -lgcc_s --pop-state /usr/lib/gcc/x86_64-pc-linux-gnu/11.1.0/crtendS.o /usr/lib/gcc/x86_64-pc-linux-gnu/11.1.0/../../../../lib/crtn.o
COLLECT_GCC_OPTIONS='-v' '-o' 'cmTC_873a6' '-mtune=generic' '-march=x86-64' '-dumpdir' 'cmTC_873a6.'
make[1]: Leaving directory '/home/conrad/src/SupraFit/build/CMakeFiles/CMakeTmp'



Parsed C implicit include dir info from above output: rv=done
  found start of include info
  found start of implicit include info
    add: [/usr/lib/gcc/x86_64-pc-linux-gnu/11.1.0/include]
    add: [/usr/local/include]
    add: [/usr/lib/gcc/x86_64-pc-linux-gnu/11.1.0/include-fixed]
    add: [/usr/include]
  end of search list found
  collapse include dir [/usr/lib/gcc/x86_64-pc-linux-gnu/11.1.0/include] ==> [/usr/lib/gcc/x86_64-pc-linux-gnu/11.1.0/include]
  collapse include dir [/usr/local/include] ==> [/usr/local/include]
  collapse include dir [/usr/lib/gcc/x86_64-pc-linux-gnu/11.1.0/include-fixed] ==> [/usr/lib/gcc/x86_64-pc-linux-gnu/11.1.0/include-fixed]
  collapse include dir [/usr/include] ==> [/usr/include]
  implicit include dirs: [/usr/lib/gcc/x86_64-pc-linux-gnu/11.1.0/include;/usr/local/include;/usr/lib/gcc/x86_64-pc-linux-gnu/11.1.0/include-fixed;/usr/include]


Parsed C implicit link information from above output:
  link line regex: [^( *|.*[/\])(ld|CMAKE_LINK_STARTFILE-NOTFOUND|([^/\]+-)?ld|collect2)[^/\]*( |$)]
  ignore line: [Change Dir: /home/conrad/src/SupraFit/build/CMakeFiles/CMakeTmp]
  ignore line: []
  ignore line: [Run Build Command(s):/usr/bin/make -f Makefile cmTC_873a6/fast && /usr/bin/make  -f CMakeFiles/cmTC_873a6.dir/build.make CMakeFiles/cmTC_873a6.dir/build]
  ignore line: [make[1]: Entering directory '/home/conrad/src/SupraFit/build/CMakeFiles/CMakeTmp']
  ignore line: [Building C object CMakeFiles/cmTC_873a6.dir/CMakeCCompilerABI.c.o]
  ignore line: [/usr/bin/cc   -v -o CMakeFiles/cmTC_873a6.dir/CMakeCCompilerABI.c.o -c /usr/share/cmake-3.21/Modules/CMakeCCompilerABI.c]
  ignore line: [Using built-in specs.]
  ignore line: [COLLECT_GCC=/usr/bin/cc]
  ignore line: [Target: x86_64-pc-linux-gnu]
  ignore line: [Configured with: /build/gcc/src/gcc/configure --prefix=/usr --libdir=/usr/lib --libexecdir=/usr/lib --mandir=/usr/share/man --infodir=/usr/share/info --with-bugurl=https://bugs.archlinux.org/ --enable-languages=c c++ ada fortran go lto objc obj-c++ d --with-isl --with-linker-hash-style=gnu --with-system-zlib --enable-__cxa_atexit --enable-cet=auto --enable-checking=release --enable-clocale=gnu --enable-default-pie --enable-default-ssp --enable-gnu-indirect-function --enable-gnu-unique-object --enable-install-libiberty --enable-linker-build-id --enable-lto --enable-multilib --enable-plugin --enable-shared --enable-threads=posix --disable-libssp --disable-libstdcxx-pch --disable-libunwind-exceptions --disable-werror gdc_include_dir=/usr/include/dlang/gdc]
  ignore line: [Thread model: posix]
  ignore line: [Supported LTO compression algorithms: zlib zstd]
  ignore line: [gcc version 11.1.0 (GCC) ]
  ignore line: [COLLECT_GCC_OPTIONS='-v' '-o' 'CMakeFiles/cmTC_873a6.dir/CMakeCCompilerABI.c.o' '-c' '-mtune=generic' '-march=x86-64' '-dumpdir' 'CMakeFiles/cmTC_873a6.dir/']
  ignore line: [ /usr/lib/gcc/x86_64-pc-linux-gnu/11.1.0/cc1 -quiet -v /usr/share/cmake-3.21/Modules/CMakeCCompilerABI.c -quiet -dumpdir CMakeFiles/cmTC_873a6.dir/ -dumpbase CMakeCCompilerABI.c.c -dumpbase-ext .c -mtune=generic -march=x86-64 -version -o /tmp/ccEtLORK.s]
  ignore line: [GNU C17 (GCC) version 11.1.0 (x86_64-pc-linux-gnu)]
  ignore line: [	compiled by GNU C version 11.1.0  GMP version 6.2.1  MPFR version 4.1.0  MPC version 1.2.1  isl version isl-0.24-GMP]
  ignore line: []
  ignore line: [warning: MPFR header version 4.1.0 differs from library version 4.1.0-p13.]
  ignore line: [GGC heuristics: --param ggc-min-expand=100 --param ggc-min-heapsize=131072]
  ignore line: [ignoring nonexistent directory "/usr/lib/gcc/x86_64-pc-linux-gnu/11.1.0/../../../../x86_64-pc-linux-gnu/include"]
  ignore line: [#include "..." search starts here:]
  ignore line: [#include <...> search starts here:]
  ignore line: [ /usr/lib/gcc/x86_64-pc-linux-gnu/11.1.0/include]
  ignore line: [ /usr/local/include]
  ignore line: [ /usr/lib/gcc/x86_64-pc-linux-gnu/11.1.0/include-fixed]
  ignore line: [ /usr/include]
  ignore line: [End of search list.]
  ignore line: [GNU C17 (GCC) version 11.1.0 (x86_64-pc-linux-gnu)]
  ignore line: [	compiled by GNU C version 11.1.0  GMP version 6.2.1  MPFR version 4.1.0  MPC version 1.2.1  isl version isl-0.24-GMP]
  ignore line: []
  ignore line: [warning: MPFR header version 4.1.0 differs from library version 4.1.0-p13.]
  ignore line: [GGC heuristics: --param ggc-min-expand=100 --param ggc-min-heapsize=131072]
  ignore line: [Compiler executable checksum: 3d0ac5c030c008e73f10e8b66957dbfa]
  ignore line: [COLLECT_GCC_OPTIONS='-v' '-o' 'CMakeFiles/cmTC_873a6.dir/CMakeCCompilerABI.c.o' '-c' '-mtune=generic' '-march=x86-64' '-dumpdir' 'CMakeFiles/cmTC_873a6.dir/']
  ignore line: [ as -v --64 -o CMakeFiles/cmTC_873a6.dir/CMakeCCompilerABI.c.o /tmp/ccEtLORK.s]
  ignore line: [GNU assembler version 2.36.1 (x86_64-pc-linux-gnu) using BFD version (GNU Binutils) 2.36.1]
  ignore line: [COMPILER_PATH=/usr/lib/gcc/x86_64-pc-linux-gnu/11.1.0/:/usr/lib/gcc/x86_64-pc-linux-gnu/11.1.0/:/usr/lib/gcc/x86_64-pc-linux-gnu/:/usr/lib/gcc/x86_64-pc-linux-gnu/11.1.0/:/usr/lib/gcc/x86_64-pc-linux-gnu/]
  ignore line: [LIBRARY_PATH=/usr/lib/gcc/x86_64-pc-linux-gnu/11.1.0/:/usr/lib/gcc/x86_64-pc-linux-gnu/11.1.0/../../../../lib/:/lib/../lib/:/usr/lib/../lib/:/usr/lib/gcc/x86_64-pc-linux-gnu/11.1.0/../../../:/lib/:/usr/lib/]
  ignore line: [COLLECT_GCC_OPTIONS='-v' '-o' 'CMakeFiles/cmTC_873a6.dir/CMakeCCompilerABI.c.o' '-c' '-mtune=generic' '-march=x86-64' '-dumpdir' 'CMakeFiles/cmTC_873a6.dir/CMakeCCompilerABI.c.']
  ignore line: [Linking C executable cmTC_873a6]
  ignore line: [/usr/bin/cmake -E cmake_link_script CMakeFiles/cmTC_873a6.dir/link.txt --verbose=1]
  ignore line: [/usr/bin/cc  -v CMakeFiles/cmTC_873a6.dir/CMakeCCompilerABI.c.o -o cmTC_873a6 ]
  ignore line: [Using built-in specs.]
  ignore line: [COLLECT_GCC=/usr/bin/cc]
  ignore line: [COLLECT_LTO_WRAPPER=/usr/lib/gcc/x86_64-pc-linux-gnu/11.1.0/lto-wrapper]
  ignore line: [Target: x86_64-pc-linux-gnu]
  ignore line: [Configured with: /build/gcc/src/gcc/configure --prefix=/usr --libdir=/usr/lib --libexecdir=/usr/lib --mandir=/usr/share/man --infodir=/usr/share/info --with-bugurl=https://bugs.archlinux.org/ --enable-languages=c c++ ada fortran go lto objc obj-c++ d --with-isl --with-linker-hash-style=gnu --with-system-zlib --enable-__cxa_atexit --enable-cet=auto --enable-checking=release --enable-clocale=gnu --enable-default-pie --enable-default-ssp --enable-gnu-indirect-function --enable-gnu-unique-object --enable-install-libiberty --enable-linker-build-id --enable-lto --enable-multilib --enable-plugin --enable-shared --enable-threads=posix --disable-libssp --disable-libstdcxx-pch --disable-libunwind-exceptions --disable-werror gdc_include_dir=/usr/include/dlang/gdc]
  ignore line: [Thread model: posix]
  ignore line: [Supported LTO compression algorithms: zlib zstd]
  ignore line: [gcc version 11.1.0 (GCC) ]
  ignore line: [COMPILER_PATH=/usr/lib/gcc/x86_64-pc-linux-gnu/11.1.0/:/usr/lib/gcc/x86_64-pc-linux-gnu/11.1.0/:/usr/lib/gcc/x86_64-pc-linux-gnu/:/usr/lib/gcc/x86_64-pc-linux-gnu/11.1.0/:/usr/lib/gcc/x86_64-pc-linux-gnu/]
  ignore line: [LIBRARY_PATH=/usr/lib/gcc/x86_64-pc-linux-gnu/11.1.0/:/usr/lib/gcc/x86_64-pc-linux-gnu/11.1.0/../../../../lib/:/lib/../lib/:/usr/lib/../lib/:/usr/lib/gcc/x86_64-pc-linux-gnu/11.1.0/../../../:/lib/:/usr/lib/]
  ignore line: [COLLECT_GCC_OPTIONS='-v' '-o' 'cmTC_873a6' '-mtune=generic' '-march=x86-64' '-dumpdir' 'cmTC_873a6.']
  link line: [ /usr/lib/gcc/x86_64-pc-linux-gnu/11.1.0/collect2 -plugin /usr/lib/gcc/x86_64-pc-linux-gnu/11.1.0/liblto_plugin.so -plugin-opt=/usr/lib/gcc/x86_64-pc-linux-gnu/11.1.0/lto-wrapper -plugin-opt=-fresolution=/tmp/ccHvCFDk.res -plugin-opt=-pass-through=-lgcc -plugin-opt=-pass-through=-lgcc_s -plugin-opt=-pass-through=-lc -plugin-opt=-pass-through=-lgcc -plugin-opt=-pass-through=-lgcc_s --build-id --eh-frame-hdr --hash-style=gnu -m elf_x86_64 -dynamic-linker /lib64/ld-linux-x86-64.so.2 -pie -o cmTC_873a6 /usr/lib/gcc/x86_64-pc-linux-gnu/11.1.0/../../../../lib/Scrt1.o /usr/lib/gcc/x86_64-pc-linux-gnu/11.1.0/../../../../lib/crti.o /usr/lib/gcc/x86_64-pc-linux-gnu/11.1.0/crtbeginS.o -L/usr/lib/gcc/x86_64-pc-linux-gnu/11.1.0 -L/usr/lib/gcc/x86_64-pc-linux-gnu/11.1.0/../../../../lib -L/lib/../lib -L/usr/lib/../lib -L/usr/lib/gcc/x86_64-pc-linux-gnu/11.1.0/../../.. CMakeFiles/cmTC_873a6.dir/CMakeCCompilerABI.c.o -lgcc --push-state --as-needed -lgcc_s --pop-state -lc -lgcc --push-state --as-needed -lgcc_s --pop-state /usr/lib/gcc/x86_64-pc-linux-gnu/11.1.0/crtendS.o /usr/lib/gcc/x86_64-pc-linux-gnu/11.1.0/../../../../lib/crtn.o]
    arg [/usr/lib/gcc/x86_64-pc-linux-gnu/11.1.0/collect2] ==> ignore
    arg [-plugin] ==> ignore
    arg [/usr/lib/gcc/x86_64-pc-linux-gnu/11.1.0/liblto_plugin.so] ==> ignore
    arg [-plugin-opt=/usr/lib/gcc/x86_64-pc-linux-gnu/11.1.0/lto-wrapper] ==> ignore
    arg [-plugin-opt=-fresolution=/tmp/ccHvCFDk.res] ==> ignore
    arg [-plugin-opt=-pass-through=-lgcc] ==> ignore
    arg [-plugin-opt=-pass-through=-lgcc_s] ==> ignore
    arg [-plugin-opt=-pass-through=-lc] ==> ignore
    arg [-plugin-opt=-pass-through=-lgcc] ==> ignore
    arg [-plugin-opt=-pass-through=-lgcc_s] ==> ignore
    arg [--build-id] ==> ignore
    arg [--eh-frame-hdr] ==> ignore
    arg [--hash-style=gnu] ==> ignore
    arg [-m] ==> ignore
    arg [elf_x86_64] ==> ignore
    arg [-dynamic-linker] ==> ignore
    arg [/lib64/ld-linux-x86-64.so.2] ==> ignore
    arg [-pie] ==> ignore
    arg [-o] ==> ignore
    arg [cmTC_873a6] ==> ignore
    arg [/usr/lib/gcc/x86_64-pc-linux-gnu/11.1.0/../../../../lib/Scrt1.o] ==> obj [/usr/lib/gcc/x86_64-pc-linux-gnu/11.1.0/../../../../lib/Scrt1.o]
    arg [/usr/lib/gcc/x86_64-pc-linux-gnu/11.1.0/../../../../lib/crti.o] ==> obj [/usr/lib/gcc/x86_64-pc-linux-gnu/11.1.0/../../../../lib/crti.o]
    arg [/usr/lib/gcc/x86_64-pc-linux-gnu/11.1.0/crtbeginS.o] ==> obj [/usr/lib/gcc/x86_64-pc-linux-gnu/11.1.0/crtbeginS.o]
    arg [-L/usr/lib/gcc/x86_64-pc-linux-gnu/11.1.0] ==> dir [/usr/lib/gcc/x86_64-pc-linux-gnu/11.1.0]
    arg [-L/usr/lib/gcc/x86_64-pc-linux-gnu/11.1.0/../../../../lib] ==> dir [/usr/lib/gcc/x86_64-pc-linux-gnu/11.1.0/../../../../lib]
    arg [-L/lib/../lib] ==> dir [/lib/../lib]
    arg [-L/usr/lib/../lib] ==> dir [/usr/lib/../lib]
    arg [-L/usr/lib/gcc/x86_64-pc-linux-gnu/11.1.0/../../..] ==> dir [/usr/lib/gcc/x86_64-pc-linux-gnu/11.1.0/../../..]
    arg [CMakeFiles/cmTC_873a6.dir/CMakeCCompilerABI.c.o] ==> ignore
    arg [-lgcc] ==> lib [gcc]
    arg [--push-state] ==> ignore
    arg [--as-needed] ==> ignore
    arg [-lgcc_s] ==> lib [gcc_s]
    arg [--pop-state] ==> ignore
    arg [-lc] ==> lib [c]
    arg [-lgcc] ==> lib [gcc]
    arg [--push-state] ==> ignore
    arg [--as-needed] ==> ignore
    arg [-lgcc_s] ==> lib [gcc_s]
    arg [--pop-state] ==> ignore
    arg [/usr/lib/gcc/x86_64-pc-linux-gnu/11.1.0/crtendS.o] ==> obj [/usr/lib/gcc/x86_64-pc-linux-gnu/11.1.0/crtendS.o]
    arg [/usr/lib/gcc/x86_64-pc-linux-gnu/11.1.0/../../../../lib/crtn.o] ==> obj [/usr/lib/gcc/x86_64-pc-linux-gnu/11.1.0/../../../../lib/crtn.o]
  collapse obj [/usr/lib/gcc/x86_64-pc-linux-gnu/11.1.0/../../../../lib/Scrt1.o] ==> [/usr/lib/Scrt1.o]
  collapse obj [/usr/lib/gcc/x86_64-pc-linux-gnu/11.1.0/../../../../lib/crti.o] ==> [/usr/lib/crti.o]
  collapse obj [/usr/lib/gcc/x86_64-pc-linux-gnu/11.1.0/../../../../lib/crtn.o] ==> [/usr/lib/crtn.o]
  collapse library dir [/usr/lib/gcc/x86_64-pc-linux-gnu/11.1.0] ==> [/usr/lib/gcc/x86_64-pc-linux-gnu/11.1.0]
  collapse library dir [/usr/lib/gcc/x86_64-pc-linux-gnu/11.1.0/../../../../lib] ==> [/usr/lib]
  collapse library dir [/lib/../lib] ==> [/lib]
  collapse library dir [/usr/lib/../lib] ==> [/usr/lib]
  collapse library dir [/usr/lib/gcc/x86_64-pc-linux-gnu/11.1.0/../../..] ==> [/usr/lib]
  implicit libs: [gcc;gcc_s;c;gcc;gcc_s]
  implicit objs: [/usr/lib/Scrt1.o;/usr/lib/crti.o;/usr/lib/gcc/x86_64-pc-linux-gnu/11.1.0/crtbeginS.o;/usr/lib/gcc/x86_64-pc-linux-gnu/11.1.0/crtendS.o;/usr/lib/crtn.o]
  implicit dirs: [/usr/lib/gcc/x86_64-pc-linux-gnu/11.1.0;/usr/lib;/lib]
  implicit fwks: []


